0 verbose cli /usr/local/bin/node /usr/local/bin/npm
1 info using npm@10.9.2
2 info using node@v22.17.1
3 silly config load:file:/usr/local/lib/node_modules/npm/npmrc
4 silly config load:file:/Users/mohammad/Projects/alfaruq.islamic.school/.npmrc
5 silly config load:file:/Users/mohammad/.npmrc
6 silly config load:file:/usr/local/etc/npmrc
7 verbose title npm config get prefix
8 verbose argv "config" "get" "prefix"
9 verbose logfile logs-max:10 dir:/Users/mohammad/Projects/alfaruq.islamic.school/.npm-cache/_logs/2025-09-30T01_34_45_084Z-
10 verbose logfile /Users/mohammad/Projects/alfaruq.islamic.school/.npm-cache/_logs/2025-09-30T01_34_45_084Z-debug-0.log
0 verbose cli /usr/local/bin/node /usr/local/bin/npm
1 info using npm@10.9.2
2 info using node@v22.17.1
3 silly config load:file:/usr/local/lib/node_modules/npm/npmrc
4 silly config load:file:/Users/mohammad/Projects/alfaruq.islamic.school/.npmrc
5 silly config load:file:/Users/mohammad/.npmrc
6 silly config load:file:/usr/local/etc/npmrc
7 verbose title npm config get prefix
8 verbose argv "config" "get" "prefix"
9 verbose logfile logs-max:10 dir:/Users/mohammad/Projects/alfaruq.islamic.school/.npm-cache/_logs/2025-09-30T01_34_45_084Z-
10 verbose logfile /Users/mohammad/Projects/alfaruq.islamic.school/.npm-cache/_logs/2025-09-30T01_34_45_084Z-debug-0.log
11 silly logfile start cleaning logs, removing 1 files
11 silly logfile start cleaning logs, removing 1 files
12 verbose cwd /Users/mohammad/Projects/alfaruq.islamic.school
12 verbose cwd /Users/mohammad/Projects/alfaruq.islamic.school
13 verbose os Darwin 25.0.0
13 verbose os Darwin 25.0.0
14 verbose node v22.17.1
14 verbose node v22.17.1
15 verbose npm  v10.9.2
15 verbose npm  v10.9.2
16 verbose exit 0
16 verbose exit 0
17 info ok
17 info ok
