0 verbose cli /usr/local/bin/node /usr/local/bin/npm
1 info using npm@10.9.2
2 info using node@v22.17.1
3 silly config load:file:/usr/local/lib/node_modules/npm/npmrc
4 silly config load:file:/Users/mohammad/Projects/alfaruq.islamic.school/.npmrc
5 silly config load:file:/Users/mohammad/.npmrc
6 silly config load:file:/usr/local/etc/npmrc
7 verbose title npm info next version
8 verbose argv "info" "next" "version"
9 verbose logfile logs-max:10 dir:/Users/mohammad/Projects/alfaruq.islamic.school/.npm-cache/_logs/2026-01-17T23_50_37_874Z-
10 verbose logfile /Users/mohammad/Projects/alfaruq.islamic.school/.npm-cache/_logs/2026-01-17T23_50_37_874Z-debug-0.log
11 silly logfile start cleaning logs, removing 1 files
12 silly logfile done cleaning log files
13 http fetch GET 200 https://registry.npmjs.org/next 589ms (cache miss)
14 verbose cwd /Users/mohammad/Projects/alfaruq.islamic.school
15 verbose os Darwin 25.2.0
16 verbose node v22.17.1
17 verbose npm  v10.9.2
18 verbose exit 0
19 info ok
