0 verbose cli /usr/local/bin/node /usr/local/lib/node_modules/npm/bin/npm-cli.js
1 info using npm@10.9.2
2 info using node@v22.17.1
3 silly config load:file:/usr/local/lib/node_modules/npm/npmrc
4 silly config load:file:/Users/mohammad/Projects/alfaruq.islamic.school/.npmrc
5 silly config load:file:/Users/mohammad/.npmrc
6 silly config load:file:/usr/local/etc/npmrc
7 verbose title npm exec @modelcontextprotocol/server-sqlite /Users/mohammad/Projects/alfaruq-new-gm/prisma/dev.db
8 verbose argv "exec" "--yes" "--" "@modelcontextprotocol/server-sqlite" "/Users/mohammad/Projects/alfaruq-new-gm/prisma/dev.db"
9 verbose logfile logs-max:10 dir:/Users/mohammad/Projects/alfaruq.islamic.school/.npm-cache/_logs/2026-01-17T23_24_37_023Z-
10 verbose logfile /Users/mohammad/Projects/alfaruq.islamic.school/.npm-cache/_logs/2026-01-17T23_24_37_023Z-debug-0.log
11 silly logfile start cleaning logs, removing 4 files
12 silly logfile done cleaning log files
13 silly packumentCache heap:4345298944 maxSize:1086324736 maxEntrySize:543162368
14 verbose shrinkwrap failed to load node_modules/.package-lock.json out of date, updated: node_modules
15 http fetch GET 200 https://registry.npmjs.org/npm 266ms
16 notice Access token expired or revoked. Please try logging in again.
17 http fetch GET 404 https://registry.npmjs.org/@modelcontextprotocol%2fserver-sqlite 137ms (cache skip)
18 notice Access token expired or revoked. Please try logging in again.
19 http fetch GET 404 https://registry.npmjs.org/@modelcontextprotocol%2fserver-sqlite 55ms (cache skip)
20 verbose stack HttpErrorGeneral: 404 Not Found - GET https://registry.npmjs.org/@modelcontextprotocol%2fserver-sqlite - Not found
20 verbose stack     at /usr/local/lib/node_modules/npm/node_modules/npm-registry-fetch/lib/check-response.js:103:15
20 verbose stack     at process.processTicksAndRejections (node:internal/process/task_queues:105:5)
20 verbose stack     at async RegistryFetcher.packument (/usr/local/lib/node_modules/npm/node_modules/pacote/lib/registry.js:90:19)
20 verbose stack     at async RegistryFetcher.manifest (/usr/local/lib/node_modules/npm/node_modules/pacote/lib/registry.js:128:23)
20 verbose stack     at async getManifest (/usr/local/lib/node_modules/npm/node_modules/libnpmexec/lib/index.js:27:22)
20 verbose stack     at async missingFromTree (/usr/local/lib/node_modules/npm/node_modules/libnpmexec/lib/index.js:60:22)
20 verbose stack     at async /usr/local/lib/node_modules/npm/node_modules/libnpmexec/lib/index.js:182:32
20 verbose stack     at async Promise.all (index 0)
20 verbose stack     at async exec (/usr/local/lib/node_modules/npm/node_modules/libnpmexec/lib/index.js:180:3)
20 verbose stack     at async Npm.exec (/usr/local/lib/node_modules/npm/lib/npm.js:207:9)
21 verbose statusCode 404
22 verbose pkgid @modelcontextprotocol/server-sqlite@*
23 error code E404
24 error 404 Not Found - GET https://registry.npmjs.org/@modelcontextprotocol%2fserver-sqlite - Not found
25 error 404
26 error 404  '@modelcontextprotocol/server-sqlite@*' is not in this registry.
27 error 404
28 error 404 Note that you can also install from a
29 error 404 tarball, folder, http url, or git url.
30 verbose cwd /Users/mohammad/Projects/alfaruq.islamic.school
31 verbose os Darwin 25.2.0
32 verbose node v22.17.1
33 verbose npm  v10.9.2
34 notice
34 notice New major version of npm available! 10.9.2 -> 11.7.0
34 notice Changelog: https://github.com/npm/cli/releases/tag/v11.7.0
34 notice To update run: npm install -g npm@11.7.0
34 notice  { force: true, [Symbol(proc-log.meta)]: true }
35 verbose exit 1
36 verbose code 1
37 error A complete log of this run can be found in: /Users/mohammad/Projects/alfaruq.islamic.school/.npm-cache/_logs/2026-01-17T23_24_37_023Z-debug-0.log
