0 verbose cli /usr/local/bin/node /usr/local/bin/npm
1 info using npm@10.9.2
2 info using node@v22.17.1
3 silly config load:file:/usr/local/lib/node_modules/npm/npmrc
4 silly config load:file:/Users/mohammad/Projects/alfaruq.islamic.school/.npmrc
5 silly config load:file:/Users/mohammad/.npmrc
6 silly config load:file:/usr/local/etc/npmrc
7 verbose title npm install next@latest
8 verbose argv "install" "next@latest"
9 verbose logfile logs-max:10 dir:/Users/mohammad/Projects/alfaruq.islamic.school/.npm-cache/_logs/2026-01-17T23_54_47_200Z-
10 verbose logfile /Users/mohammad/Projects/alfaruq.islamic.school/.npm-cache/_logs/2026-01-17T23_54_47_200Z-debug-0.log
11 silly logfile start cleaning logs, removing 1 files
12 silly logfile done cleaning log files
13 silly packumentCache heap:4345298944 maxSize:1086324736 maxEntrySize:543162368
14 silly packumentCache corgi:https://registry.npmjs.org/next cache-miss
15 verbose shrinkwrap failed to load node_modules/.package-lock.json out of date, updated: node_modules
16 http fetch GET 200 https://registry.npmjs.org/next 408ms (cache miss)
17 silly packumentCache corgi:https://registry.npmjs.org/next set size:undefined disposed:false
18 silly idealTree buildDeps
19 silly fetch manifest next@16.1.3
20 silly packumentCache full:https://registry.npmjs.org/next cache-miss
21 http cache https://registry.npmjs.org/next 31ms (cache hit)
22 silly packumentCache full:https://registry.npmjs.org/next set size:28508386 disposed:false
23 silly fetch manifest @opentelemetry/api@^1.1.0
24 silly packumentCache full:https://registry.npmjs.org/@opentelemetry%2fapi cache-miss
25 http fetch GET 200 https://registry.npmjs.org/@opentelemetry%2fapi 125ms (cache miss)
26 silly packumentCache full:https://registry.npmjs.org/@opentelemetry%2fapi set size:undefined disposed:false
27 silly fetch manifest @playwright/test@^1.51.1
28 silly packumentCache full:https://registry.npmjs.org/@playwright%2ftest cache-miss
29 http fetch GET 200 https://registry.npmjs.org/@playwright%2ftest 235ms (cache miss)
30 silly packumentCache full:https://registry.npmjs.org/@playwright%2ftest set size:undefined disposed:false
31 silly fetch manifest babel-plugin-react-compiler@*
32 silly packumentCache full:https://registry.npmjs.org/babel-plugin-react-compiler cache-miss
33 http fetch GET 200 https://registry.npmjs.org/babel-plugin-react-compiler 55ms (cache miss)
34 silly packumentCache full:https://registry.npmjs.org/babel-plugin-react-compiler set size:undefined disposed:false
35 silly fetch manifest react@^19.0.0
36 silly packumentCache full:https://registry.npmjs.org/react cache-miss
37 http fetch GET 200 https://registry.npmjs.org/react 164ms (cache miss)
38 silly packumentCache full:https://registry.npmjs.org/react set size:undefined disposed:false
39 silly fetch manifest react-dom@^19.0.0
40 silly packumentCache full:https://registry.npmjs.org/react-dom cache-miss
41 http fetch GET 200 https://registry.npmjs.org/react-dom 166ms (cache miss)
42 silly packumentCache full:https://registry.npmjs.org/react-dom set size:undefined disposed:false
43 silly fetch manifest sass@^1.3.0
44 silly packumentCache full:https://registry.npmjs.org/sass cache-miss
45 http fetch GET 200 https://registry.npmjs.org/sass 93ms (cache miss)
46 silly packumentCache full:https://registry.npmjs.org/sass set size:undefined disposed:false
47 silly placeDep ROOT next@16.1.3 REPLACE for: alfaruq.islamic.school@0.1.0 want: 16.1.3
48 silly fetch manifest @next/env@16.1.3
49 silly packumentCache full:https://registry.npmjs.org/@next%2fenv cache-miss
50 silly fetch manifest baseline-browser-mapping@^2.8.3
51 silly packumentCache full:https://registry.npmjs.org/baseline-browser-mapping cache-miss
52 silly fetch manifest sharp@^0.34.4
53 silly packumentCache full:https://registry.npmjs.org/sharp cache-miss
54 silly fetch manifest @next/swc-darwin-x64@16.1.3
55 silly packumentCache full:https://registry.npmjs.org/@next%2fswc-darwin-x64 cache-miss
56 silly fetch manifest @next/swc-darwin-arm64@16.1.3
57 silly packumentCache full:https://registry.npmjs.org/@next%2fswc-darwin-arm64 cache-miss
58 silly fetch manifest @next/swc-linux-x64-gnu@16.1.3
59 silly packumentCache full:https://registry.npmjs.org/@next%2fswc-linux-x64-gnu cache-miss
60 silly fetch manifest @next/swc-linux-x64-musl@16.1.3
61 silly packumentCache full:https://registry.npmjs.org/@next%2fswc-linux-x64-musl cache-miss
62 silly fetch manifest @next/swc-win32-x64-msvc@16.1.3
63 silly packumentCache full:https://registry.npmjs.org/@next%2fswc-win32-x64-msvc cache-miss
64 silly fetch manifest @next/swc-linux-arm64-gnu@16.1.3
65 silly packumentCache full:https://registry.npmjs.org/@next%2fswc-linux-arm64-gnu cache-miss
66 http fetch GET 200 https://registry.npmjs.org/baseline-browser-mapping 186ms (cache miss)
67 silly packumentCache full:https://registry.npmjs.org/baseline-browser-mapping set size:undefined disposed:false
68 silly fetch manifest @next/swc-linux-arm64-musl@16.1.3
69 silly packumentCache full:https://registry.npmjs.org/@next%2fswc-linux-arm64-musl cache-miss
70 http fetch GET 200 https://registry.npmjs.org/sharp 220ms (cache miss)
71 silly packumentCache full:https://registry.npmjs.org/sharp set size:undefined disposed:false
72 silly fetch manifest @next/swc-win32-arm64-msvc@16.1.3
73 silly packumentCache full:https://registry.npmjs.org/@next%2fswc-win32-arm64-msvc cache-miss
74 http fetch GET 200 https://registry.npmjs.org/@next%2fenv 227ms (cache miss)
75 silly packumentCache full:https://registry.npmjs.org/@next%2fenv set size:undefined disposed:false
76 http fetch GET 200 https://registry.npmjs.org/@next%2fswc-linux-x64-musl 308ms (cache miss)
77 silly packumentCache full:https://registry.npmjs.org/@next%2fswc-linux-x64-musl set size:undefined disposed:false
78 http fetch GET 200 https://registry.npmjs.org/@next%2fswc-linux-x64-gnu 328ms (cache miss)
79 silly packumentCache full:https://registry.npmjs.org/@next%2fswc-linux-x64-gnu set size:undefined disposed:false
80 http fetch GET 200 https://registry.npmjs.org/@next%2fswc-darwin-arm64 371ms (cache miss)
81 silly packumentCache full:https://registry.npmjs.org/@next%2fswc-darwin-arm64 set size:undefined disposed:false
82 http fetch GET 200 https://registry.npmjs.org/@next%2fswc-win32-x64-msvc 416ms (cache miss)
83 silly packumentCache full:https://registry.npmjs.org/@next%2fswc-win32-x64-msvc set size:undefined disposed:false
84 http fetch GET 200 https://registry.npmjs.org/@next%2fswc-darwin-x64 429ms (cache miss)
85 silly packumentCache full:https://registry.npmjs.org/@next%2fswc-darwin-x64 set size:undefined disposed:false
86 http fetch GET 200 https://registry.npmjs.org/@next%2fswc-linux-arm64-gnu 442ms (cache miss)
87 silly packumentCache full:https://registry.npmjs.org/@next%2fswc-linux-arm64-gnu set size:undefined disposed:false
88 http fetch GET 200 https://registry.npmjs.org/@next%2fswc-linux-arm64-musl 291ms (cache miss)
89 silly packumentCache full:https://registry.npmjs.org/@next%2fswc-linux-arm64-musl set size:undefined disposed:false
90 http fetch GET 200 https://registry.npmjs.org/@next%2fswc-win32-arm64-msvc 272ms (cache miss)
91 silly packumentCache full:https://registry.npmjs.org/@next%2fswc-win32-arm64-msvc set size:undefined disposed:false
92 silly placeDep ROOT @next/env@16.1.3 OK for: next@16.1.3 want: 16.1.3
93 silly placeDep ROOT @next/swc-darwin-arm64@16.1.3 OK for: next@16.1.3 want: 16.1.3
94 silly placeDep ROOT @next/swc-darwin-x64@16.1.3 OK for: next@16.1.3 want: 16.1.3
95 silly placeDep ROOT @next/swc-linux-arm64-gnu@16.1.3 OK for: next@16.1.3 want: 16.1.3
96 silly placeDep ROOT @next/swc-linux-arm64-musl@16.1.3 OK for: next@16.1.3 want: 16.1.3
97 silly placeDep ROOT @next/swc-linux-x64-gnu@16.1.3 OK for: next@16.1.3 want: 16.1.3
98 silly placeDep ROOT @next/swc-linux-x64-musl@16.1.3 OK for: next@16.1.3 want: 16.1.3
99 silly placeDep ROOT @next/swc-win32-arm64-msvc@16.1.3 OK for: next@16.1.3 want: 16.1.3
100 silly placeDep ROOT @next/swc-win32-x64-msvc@16.1.3 OK for: next@16.1.3 want: 16.1.3
101 silly placeDep ROOT baseline-browser-mapping@2.9.15 OK for: next@16.1.3 want: ^2.8.3
102 silly placeDep ROOT sharp@0.34.5 OK for: next@16.1.3 want: ^0.34.4
103 silly fetch manifest semver@^7.7.3
104 silly packumentCache full:https://registry.npmjs.org/semver cache-miss
105 silly fetch manifest @img/colour@^1.0.0
106 silly packumentCache full:https://registry.npmjs.org/@img%2fcolour cache-miss
107 silly fetch manifest detect-libc@^2.1.2
108 silly packumentCache full:https://registry.npmjs.org/detect-libc cache-miss
109 silly fetch manifest @img/sharp-wasm32@0.34.5
110 silly packumentCache full:https://registry.npmjs.org/@img%2fsharp-wasm32 cache-miss
111 silly fetch manifest @img/sharp-linux-arm@0.34.5
112 silly packumentCache full:https://registry.npmjs.org/@img%2fsharp-linux-arm cache-miss
113 silly fetch manifest @img/sharp-linux-x64@0.34.5
114 silly packumentCache full:https://registry.npmjs.org/@img%2fsharp-linux-x64 cache-miss
115 silly fetch manifest @img/sharp-win32-x64@0.34.5
116 silly packumentCache full:https://registry.npmjs.org/@img%2fsharp-win32-x64 cache-miss
117 silly fetch manifest @img/sharp-darwin-x64@0.34.5
118 silly packumentCache full:https://registry.npmjs.org/@img%2fsharp-darwin-x64 cache-miss
119 silly fetch manifest @img/sharp-win32-ia32@0.34.5
120 silly packumentCache full:https://registry.npmjs.org/@img%2fsharp-win32-ia32 cache-miss
121 http fetch GET 200 https://registry.npmjs.org/detect-libc 46ms (cache miss)
122 silly packumentCache full:https://registry.npmjs.org/detect-libc set size:undefined disposed:false
123 silly fetch manifest @img/sharp-linux-arm64@0.34.5
124 silly packumentCache full:https://registry.npmjs.org/@img%2fsharp-linux-arm64 cache-miss
125 http fetch GET 200 https://registry.npmjs.org/semver 48ms (cache miss)
126 silly packumentCache full:https://registry.npmjs.org/semver set size:undefined disposed:false
127 silly fetch manifest @img/sharp-linux-ppc64@0.34.5
128 silly packumentCache full:https://registry.npmjs.org/@img%2fsharp-linux-ppc64 cache-miss
129 http fetch GET 200 https://registry.npmjs.org/@img%2fsharp-win32-x64 77ms (cache updated)
130 silly packumentCache full:https://registry.npmjs.org/@img%2fsharp-win32-x64 set size:undefined disposed:false
131 silly fetch manifest @img/sharp-linux-s390x@0.34.5
132 silly packumentCache full:https://registry.npmjs.org/@img%2fsharp-linux-s390x cache-miss
133 http fetch GET 200 https://registry.npmjs.org/@img%2fsharp-linux-arm 78ms (cache updated)
134 silly packumentCache full:https://registry.npmjs.org/@img%2fsharp-linux-arm set size:undefined disposed:false
135 silly fetch manifest @img/sharp-win32-arm64@0.34.5
136 silly packumentCache full:https://registry.npmjs.org/@img%2fsharp-win32-arm64 cache-miss
137 http fetch GET 200 https://registry.npmjs.org/@img%2fsharp-darwin-x64 78ms (cache updated)
138 silly packumentCache full:https://registry.npmjs.org/@img%2fsharp-darwin-x64 set size:undefined disposed:false
139 silly fetch manifest @img/sharp-darwin-arm64@0.34.5
140 silly packumentCache full:https://registry.npmjs.org/@img%2fsharp-darwin-arm64 cache-miss
141 http fetch GET 200 https://registry.npmjs.org/@img%2fsharp-linux-x64 78ms (cache updated)
142 silly packumentCache full:https://registry.npmjs.org/@img%2fsharp-linux-x64 set size:undefined disposed:false
143 silly fetch manifest @img/sharp-linux-riscv64@0.34.5
144 silly packumentCache full:https://registry.npmjs.org/@img%2fsharp-linux-riscv64 cache-miss
145 http fetch GET 200 https://registry.npmjs.org/@img%2fsharp-linux-arm64 56ms (cache updated)
146 silly packumentCache full:https://registry.npmjs.org/@img%2fsharp-linux-arm64 set size:undefined disposed:false
147 silly fetch manifest @img/sharp-linuxmusl-x64@0.34.5
148 silly packumentCache full:https://registry.npmjs.org/@img%2fsharp-linuxmusl-x64 cache-miss
149 http fetch GET 200 https://registry.npmjs.org/@img%2fcolour 125ms (cache miss)
150 silly packumentCache full:https://registry.npmjs.org/@img%2fcolour set size:undefined disposed:false
151 silly fetch manifest @img/sharp-linuxmusl-arm64@0.34.5
152 silly packumentCache full:https://registry.npmjs.org/@img%2fsharp-linuxmusl-arm64 cache-miss
153 http fetch GET 200 https://registry.npmjs.org/@img%2fsharp-wasm32 134ms (cache miss)
154 silly packumentCache full:https://registry.npmjs.org/@img%2fsharp-wasm32 set size:undefined disposed:false
155 silly fetch manifest @img/sharp-libvips-linux-arm@1.2.4
156 silly packumentCache full:https://registry.npmjs.org/@img%2fsharp-libvips-linux-arm cache-miss
157 http fetch GET 200 https://registry.npmjs.org/@img%2fsharp-darwin-arm64 61ms (cache updated)
158 silly packumentCache full:https://registry.npmjs.org/@img%2fsharp-darwin-arm64 set size:undefined disposed:false
159 silly fetch manifest @img/sharp-libvips-linux-x64@1.2.4
160 silly packumentCache full:https://registry.npmjs.org/@img%2fsharp-libvips-linux-x64 cache-miss
161 http fetch GET 200 https://registry.npmjs.org/@img%2fsharp-win32-ia32 140ms (cache miss)
162 silly packumentCache full:https://registry.npmjs.org/@img%2fsharp-win32-ia32 set size:undefined disposed:false
163 silly fetch manifest @img/sharp-libvips-darwin-x64@1.2.4
164 silly packumentCache full:https://registry.npmjs.org/@img%2fsharp-libvips-darwin-x64 cache-miss
165 http fetch GET 200 https://registry.npmjs.org/@img%2fsharp-linuxmusl-x64 51ms (cache miss)
166 silly packumentCache full:https://registry.npmjs.org/@img%2fsharp-linuxmusl-x64 set size:undefined disposed:false
167 silly fetch manifest @img/sharp-libvips-linux-arm64@1.2.4
168 silly packumentCache full:https://registry.npmjs.org/@img%2fsharp-libvips-linux-arm64 cache-miss
169 http fetch GET 200 https://registry.npmjs.org/@img%2fsharp-linux-ppc64 131ms (cache miss)
170 silly packumentCache full:https://registry.npmjs.org/@img%2fsharp-linux-ppc64 set size:undefined disposed:false
171 silly fetch manifest @img/sharp-libvips-linux-ppc64@1.2.4
172 silly packumentCache full:https://registry.npmjs.org/@img%2fsharp-libvips-linux-ppc64 cache-miss
173 http fetch GET 200 https://registry.npmjs.org/@img%2fsharp-linuxmusl-arm64 56ms (cache miss)
174 silly packumentCache full:https://registry.npmjs.org/@img%2fsharp-linuxmusl-arm64 set size:undefined disposed:false
175 silly fetch manifest @img/sharp-libvips-linux-s390x@1.2.4
176 silly packumentCache full:https://registry.npmjs.org/@img%2fsharp-libvips-linux-s390x cache-miss
177 http fetch GET 200 https://registry.npmjs.org/@img%2fsharp-linux-s390x 121ms (cache miss)
178 silly packumentCache full:https://registry.npmjs.org/@img%2fsharp-linux-s390x set size:undefined disposed:false
179 silly fetch manifest @img/sharp-libvips-darwin-arm64@1.2.4
180 silly packumentCache full:https://registry.npmjs.org/@img%2fsharp-libvips-darwin-arm64 cache-miss
181 http fetch GET 200 https://registry.npmjs.org/@img%2fsharp-libvips-darwin-x64 59ms (cache updated)
182 silly packumentCache full:https://registry.npmjs.org/@img%2fsharp-libvips-darwin-x64 set size:undefined disposed:false
183 silly fetch manifest @img/sharp-libvips-linux-riscv64@1.2.4
184 silly packumentCache full:https://registry.npmjs.org/@img%2fsharp-libvips-linux-riscv64 cache-miss
185 http fetch GET 200 https://registry.npmjs.org/@img%2fsharp-libvips-linux-arm 65ms (cache updated)
186 silly packumentCache full:https://registry.npmjs.org/@img%2fsharp-libvips-linux-arm set size:undefined disposed:false
187 silly fetch manifest @img/sharp-libvips-linuxmusl-x64@1.2.4
188 silly packumentCache full:https://registry.npmjs.org/@img%2fsharp-libvips-linuxmusl-x64 cache-miss
189 http fetch GET 200 https://registry.npmjs.org/@img%2fsharp-libvips-linux-x64 61ms (cache updated)
190 silly packumentCache full:https://registry.npmjs.org/@img%2fsharp-libvips-linux-x64 set size:undefined disposed:false
191 silly fetch manifest @img/sharp-libvips-linuxmusl-arm64@1.2.4
192 silly packumentCache full:https://registry.npmjs.org/@img%2fsharp-libvips-linuxmusl-arm64 cache-miss
193 http fetch GET 200 https://registry.npmjs.org/@img%2fsharp-libvips-linux-arm64 64ms (cache updated)
194 silly packumentCache full:https://registry.npmjs.org/@img%2fsharp-libvips-linux-arm64 set size:undefined disposed:false
195 http fetch GET 200 https://registry.npmjs.org/@img%2fsharp-linux-riscv64 141ms (cache miss)
196 silly packumentCache full:https://registry.npmjs.org/@img%2fsharp-linux-riscv64 set size:undefined disposed:false
197 http fetch GET 200 https://registry.npmjs.org/@img%2fsharp-win32-arm64 142ms (cache miss)
198 silly packumentCache full:https://registry.npmjs.org/@img%2fsharp-win32-arm64 set size:undefined disposed:false
199 http fetch GET 200 https://registry.npmjs.org/@img%2fsharp-libvips-linuxmusl-x64 84ms (cache miss)
200 silly packumentCache full:https://registry.npmjs.org/@img%2fsharp-libvips-linuxmusl-x64 set size:undefined disposed:false
201 http fetch GET 200 https://registry.npmjs.org/@img%2fsharp-libvips-linuxmusl-arm64 82ms (cache miss)
202 silly packumentCache full:https://registry.npmjs.org/@img%2fsharp-libvips-linuxmusl-arm64 set size:undefined disposed:false
203 http fetch GET 200 https://registry.npmjs.org/@img%2fsharp-libvips-darwin-arm64 87ms (cache updated)
204 silly packumentCache full:https://registry.npmjs.org/@img%2fsharp-libvips-darwin-arm64 set size:undefined disposed:false
205 http fetch GET 200 https://registry.npmjs.org/@img%2fsharp-libvips-linux-s390x 115ms (cache miss)
206 silly packumentCache full:https://registry.npmjs.org/@img%2fsharp-libvips-linux-s390x set size:undefined disposed:false
207 http fetch GET 200 https://registry.npmjs.org/@img%2fsharp-libvips-linux-ppc64 136ms (cache miss)
208 silly packumentCache full:https://registry.npmjs.org/@img%2fsharp-libvips-linux-ppc64 set size:undefined disposed:false
209 http fetch GET 200 https://registry.npmjs.org/@img%2fsharp-libvips-linux-riscv64 162ms (cache miss)
210 silly packumentCache full:https://registry.npmjs.org/@img%2fsharp-libvips-linux-riscv64 set size:undefined disposed:false
211 silly placeDep ROOT @img/colour@1.0.0 OK for: sharp@0.34.5 want: ^1.0.0
212 silly placeDep ROOT @img/sharp-darwin-arm64@0.34.5 OK for: sharp@0.34.5 want: 0.34.5
213 silly placeDep ROOT @img/sharp-darwin-x64@0.34.5 OK for: sharp@0.34.5 want: 0.34.5
214 silly placeDep ROOT @img/sharp-libvips-darwin-arm64@1.2.4 OK for: sharp@0.34.5 want: 1.2.4
215 silly placeDep ROOT @img/sharp-libvips-darwin-x64@1.2.4 OK for: sharp@0.34.5 want: 1.2.4
216 silly placeDep ROOT @img/sharp-libvips-linux-arm@1.2.4 OK for: sharp@0.34.5 want: 1.2.4
217 silly placeDep ROOT @img/sharp-libvips-linux-arm64@1.2.4 OK for: sharp@0.34.5 want: 1.2.4
218 silly placeDep ROOT @img/sharp-libvips-linux-ppc64@1.2.4 OK for: sharp@0.34.5 want: 1.2.4
219 silly placeDep ROOT @img/sharp-libvips-linux-riscv64@1.2.4 OK for: sharp@0.34.5 want: 1.2.4
220 silly placeDep ROOT @img/sharp-libvips-linux-s390x@1.2.4 OK for: sharp@0.34.5 want: 1.2.4
221 silly placeDep ROOT @img/sharp-libvips-linux-x64@1.2.4 OK for: sharp@0.34.5 want: 1.2.4
222 silly placeDep ROOT @img/sharp-libvips-linuxmusl-arm64@1.2.4 OK for: sharp@0.34.5 want: 1.2.4
223 silly placeDep ROOT @img/sharp-libvips-linuxmusl-x64@1.2.4 OK for: sharp@0.34.5 want: 1.2.4
224 silly placeDep ROOT @img/sharp-linux-arm@0.34.5 OK for: sharp@0.34.5 want: 0.34.5
225 silly placeDep ROOT @img/sharp-linux-arm64@0.34.5 OK for: sharp@0.34.5 want: 0.34.5
226 silly placeDep ROOT @img/sharp-linux-ppc64@0.34.5 OK for: sharp@0.34.5 want: 0.34.5
227 silly placeDep ROOT @img/sharp-linux-riscv64@0.34.5 OK for: sharp@0.34.5 want: 0.34.5
228 silly placeDep ROOT @img/sharp-linux-s390x@0.34.5 OK for: sharp@0.34.5 want: 0.34.5
229 silly placeDep ROOT @img/sharp-linux-x64@0.34.5 OK for: sharp@0.34.5 want: 0.34.5
230 silly placeDep ROOT @img/sharp-linuxmusl-arm64@0.34.5 OK for: sharp@0.34.5 want: 0.34.5
231 silly placeDep ROOT @img/sharp-linuxmusl-x64@0.34.5 OK for: sharp@0.34.5 want: 0.34.5
232 silly placeDep ROOT @img/sharp-wasm32@0.34.5 OK for: sharp@0.34.5 want: 0.34.5
233 silly placeDep ROOT @img/sharp-win32-arm64@0.34.5 OK for: sharp@0.34.5 want: 0.34.5
234 silly placeDep ROOT @img/sharp-win32-ia32@0.34.5 OK for: sharp@0.34.5 want: 0.34.5
235 silly placeDep ROOT @img/sharp-win32-x64@0.34.5 OK for: sharp@0.34.5 want: 0.34.5
236 silly placeDep ROOT detect-libc@2.1.2 REPLACE for: sharp@0.34.5 want: ^2.1.2
237 silly placeDep ROOT semver@7.7.3 REPLACE for: sharp@0.34.5 want: ^7.7.3
238 silly fetch manifest @emnapi/runtime@^1.7.0
239 silly packumentCache full:https://registry.npmjs.org/@emnapi%2fruntime cache-miss
240 http fetch GET 200 https://registry.npmjs.org/@emnapi%2fruntime 60ms (cache miss)
241 silly packumentCache full:https://registry.npmjs.org/@emnapi%2fruntime set size:undefined disposed:false
242 silly placeDep ROOT @emnapi/runtime@1.8.1 REPLACE for: @img/sharp-wasm32@0.34.5 want: ^1.7.0
243 silly reify mark retired [
243 silly reify   '/Users/mohammad/Projects/alfaruq.islamic.school/node_modules/busboy'
243 silly reify ]
244 silly reify mark retired [
244 silly reify   '/Users/mohammad/Projects/alfaruq.islamic.school/node_modules/color-string'
244 silly reify ]
245 silly reify mark retired [
245 silly reify   '/Users/mohammad/Projects/alfaruq.islamic.school/node_modules/color'
245 silly reify ]
246 silly reify mark retired [
246 silly reify   '/Users/mohammad/Projects/alfaruq.islamic.school/node_modules/detect-libc'
246 silly reify ]
247 silly reify mark retired [
247 silly reify   '/Users/mohammad/Projects/alfaruq.islamic.school/node_modules/is-arrayish'
247 silly reify ]
248 silly reify mark retired [
248 silly reify   '/Users/mohammad/Projects/alfaruq.islamic.school/node_modules/next',
248 silly reify   '/Users/mohammad/Projects/alfaruq.islamic.school/node_modules/.bin/next'
248 silly reify ]
249 silly reify mark retired [
249 silly reify   '/Users/mohammad/Projects/alfaruq.islamic.school/node_modules/semver',
249 silly reify   '/Users/mohammad/Projects/alfaruq.islamic.school/node_modules/.bin/semver'
249 silly reify ]
250 silly reify mark retired [
250 silly reify   '/Users/mohammad/Projects/alfaruq.islamic.school/node_modules/sharp'
250 silly reify ]
251 silly reify mark retired [
251 silly reify   '/Users/mohammad/Projects/alfaruq.islamic.school/node_modules/streamsearch'
251 silly reify ]
252 silly reify mark retired [
252 silly reify   '/Users/mohammad/Projects/alfaruq.islamic.school/node_modules/simple-swizzle'
252 silly reify ]
253 silly reify mark retired [
253 silly reify   '/Users/mohammad/Projects/alfaruq.islamic.school/node_modules/@emnapi/runtime'
253 silly reify ]
254 silly reify mark retired [
254 silly reify   '/Users/mohammad/Projects/alfaruq.islamic.school/node_modules/@img/sharp-darwin-arm64'
254 silly reify ]
255 silly reify mark retired [
255 silly reify   '/Users/mohammad/Projects/alfaruq.islamic.school/node_modules/@img/sharp-libvips-darwin-arm64'
255 silly reify ]
256 silly reify mark retired [
256 silly reify   '/Users/mohammad/Projects/alfaruq.islamic.school/node_modules/@next/env'
256 silly reify ]
257 silly reify mark retired [
257 silly reify   '/Users/mohammad/Projects/alfaruq.islamic.school/node_modules/@next/swc-darwin-arm64'
257 silly reify ]
258 silly reify mark retired [
258 silly reify   '/Users/mohammad/Projects/alfaruq.islamic.school/node_modules/@swc/counter'
258 silly reify ]
259 silly reify moves {
259 silly reify   '/Users/mohammad/Projects/alfaruq.islamic.school/node_modules/busboy': '/Users/mohammad/Projects/alfaruq.islamic.school/node_modules/.busboy-ukiyKrKH',
259 silly reify   '/Users/mohammad/Projects/alfaruq.islamic.school/node_modules/color-string': '/Users/mohammad/Projects/alfaruq.islamic.school/node_modules/.color-string-bUfYnwDR',
259 silly reify   '/Users/mohammad/Projects/alfaruq.islamic.school/node_modules/color': '/Users/mohammad/Projects/alfaruq.islamic.school/node_modules/.color-1VlnlfaF',
259 silly reify   '/Users/mohammad/Projects/alfaruq.islamic.school/node_modules/detect-libc': '/Users/mohammad/Projects/alfaruq.islamic.school/node_modules/.detect-libc-YYCsEOPm',
259 silly reify   '/Users/mohammad/Projects/alfaruq.islamic.school/node_modules/is-arrayish': '/Users/mohammad/Projects/alfaruq.islamic.school/node_modules/.is-arrayish-SE6kZQTD',
259 silly reify   '/Users/mohammad/Projects/alfaruq.islamic.school/node_modules/next': '/Users/mohammad/Projects/alfaruq.islamic.school/node_modules/.next-rCPMuLj4',
259 silly reify   '/Users/mohammad/Projects/alfaruq.islamic.school/node_modules/.bin/next': '/Users/mohammad/Projects/alfaruq.islamic.school/node_modules/.bin/.next-VeGm1kct',
259 silly reify   '/Users/mohammad/Projects/alfaruq.islamic.school/node_modules/semver': '/Users/mohammad/Projects/alfaruq.islamic.school/node_modules/.semver-FStKphUK',
259 silly reify   '/Users/mohammad/Projects/alfaruq.islamic.school/node_modules/.bin/semver': '/Users/mohammad/Projects/alfaruq.islamic.school/node_modules/.bin/.semver-jh1DWKTX',
259 silly reify   '/Users/mohammad/Projects/alfaruq.islamic.school/node_modules/sharp': '/Users/mohammad/Projects/alfaruq.islamic.school/node_modules/.sharp-Xc1cKsfO',
259 silly reify   '/Users/mohammad/Projects/alfaruq.islamic.school/node_modules/streamsearch': '/Users/mohammad/Projects/alfaruq.islamic.school/node_modules/.streamsearch-MCXLv0qJ',
259 silly reify   '/Users/mohammad/Projects/alfaruq.islamic.school/node_modules/simple-swizzle': '/Users/mohammad/Projects/alfaruq.islamic.school/node_modules/.simple-swizzle-ka2xEkhC',
259 silly reify   '/Users/mohammad/Projects/alfaruq.islamic.school/node_modules/@emnapi/runtime': '/Users/mohammad/Projects/alfaruq.islamic.school/node_modules/@emnapi/.runtime-u92wEj89',
259 silly reify   '/Users/mohammad/Projects/alfaruq.islamic.school/node_modules/@img/sharp-darwin-arm64': '/Users/mohammad/Projects/alfaruq.islamic.school/node_modules/@img/.sharp-darwin-arm64-T7pgKEj8',
259 silly reify   '/Users/mohammad/Projects/alfaruq.islamic.school/node_modules/@img/sharp-libvips-darwin-arm64': '/Users/mohammad/Projects/alfaruq.islamic.school/node_modules/@img/.sharp-libvips-darwin-arm64-EHmOhefW',
259 silly reify   '/Users/mohammad/Projects/alfaruq.islamic.school/node_modules/@next/env': '/Users/mohammad/Projects/alfaruq.islamic.school/node_modules/@next/.env-JaArZprR',
259 silly reify   '/Users/mohammad/Projects/alfaruq.islamic.school/node_modules/@next/swc-darwin-arm64': '/Users/mohammad/Projects/alfaruq.islamic.school/node_modules/@next/.swc-darwin-arm64-GS03oWqO',
259 silly reify   '/Users/mohammad/Projects/alfaruq.islamic.school/node_modules/@swc/counter': '/Users/mohammad/Projects/alfaruq.islamic.school/node_modules/@swc/.counter-Npygddqx'
259 silly reify }
260 verbose reify failed optional dependency /Users/mohammad/Projects/alfaruq.islamic.school/node_modules/@tailwindcss/oxide-wasm32-wasi
261 silly reify mark deleted [
261 silly reify   '/Users/mohammad/Projects/alfaruq.islamic.school/node_modules/@tailwindcss/oxide-wasm32-wasi'
261 silly reify ]
262 silly audit bulk request {
262 silly audit   '@alloc/quick-lru': [ '5.2.0' ],
262 silly audit   '@ampproject/remapping': [ '2.3.0' ],
262 silly audit   '@emnapi/core': [ '1.4.3' ],
262 silly audit   '@emnapi/wasi-threads': [ '1.0.2' ],
262 silly audit   '@eslint-community/eslint-utils': [ '4.7.0' ],
262 silly audit   'eslint-visitor-keys': [ '3.4.3', '4.2.1' ],
262 silly audit   '@eslint-community/regexpp': [ '4.12.1' ],
262 silly audit   '@eslint/config-array': [ '0.21.0' ],
262 silly audit   '@eslint/config-helpers': [ '0.3.0' ],
262 silly audit   '@eslint/core': [ '0.14.0', '0.15.1' ],
262 silly audit   '@eslint/eslintrc': [ '3.3.1' ],
262 silly audit   '@eslint/js': [ '9.30.1' ],
262 silly audit   '@eslint/object-schema': [ '2.1.6' ],
262 silly audit   '@eslint/plugin-kit': [ '0.3.3' ],
262 silly audit   '@firebase/ai': [ '1.4.1' ],
262 silly audit   '@firebase/analytics': [ '0.10.17' ],
262 silly audit   '@firebase/analytics-compat': [ '0.2.23' ],
262 silly audit   '@firebase/analytics-types': [ '0.8.3' ],
262 silly audit   '@firebase/app': [ '0.13.2' ],
262 silly audit   '@firebase/app-check': [ '0.10.1' ],
262 silly audit   '@firebase/app-check-compat': [ '0.3.26' ],
262 silly audit   '@firebase/app-check-interop-types': [ '0.3.3' ],
262 silly audit   '@firebase/app-check-types': [ '0.5.3' ],
262 silly audit   '@firebase/app-compat': [ '0.4.2' ],
262 silly audit   '@firebase/app-types': [ '0.9.3' ],
262 silly audit   '@firebase/auth': [ '1.10.8' ],
262 silly audit   '@firebase/auth-compat': [ '0.5.28' ],
262 silly audit   '@firebase/auth-interop-types': [ '0.2.4' ],
262 silly audit   '@firebase/auth-types': [ '0.13.0' ],
262 silly audit   '@firebase/component': [ '0.6.18' ],
262 silly audit   '@firebase/data-connect': [ '0.3.10' ],
262 silly audit   '@firebase/database': [ '1.0.20' ],
262 silly audit   '@firebase/database-compat': [ '2.0.11' ],
262 silly audit   '@firebase/database-types': [ '1.0.15' ],
262 silly audit   '@firebase/firestore': [ '4.8.0' ],
262 silly audit   '@firebase/firestore-compat': [ '0.3.53' ],
262 silly audit   '@firebase/firestore-types': [ '3.0.3' ],
262 silly audit   '@firebase/functions': [ '0.12.9' ],
262 silly audit   '@firebase/functions-compat': [ '0.3.26' ],
262 silly audit   '@firebase/functions-types': [ '0.6.3' ],
262 silly audit   '@firebase/installations': [ '0.6.18' ],
262 silly audit   '@firebase/installations-compat': [ '0.2.18' ],
262 silly audit   '@firebase/installations-types': [ '0.5.3' ],
262 silly audit   '@firebase/logger': [ '0.4.4' ],
262 silly audit   '@firebase/messaging': [ '0.12.22' ],
262 silly audit   '@firebase/messaging-compat': [ '0.2.22' ],
262 silly audit   '@firebase/messaging-interop-types': [ '0.2.3' ],
262 silly audit   '@firebase/performance': [ '0.7.7' ],
262 silly audit   '@firebase/performance-compat': [ '0.2.20' ],
262 silly audit   '@firebase/performance-types': [ '0.2.3' ],
262 silly audit   '@firebase/remote-config': [ '0.6.5' ],
262 silly audit   '@firebase/remote-config-compat': [ '0.2.18' ],
262 silly audit   '@firebase/remote-config-types': [ '0.4.0' ],
262 silly audit   '@firebase/storage': [ '0.13.14' ],
262 silly audit   '@firebase/storage-compat': [ '0.3.24' ],
262 silly audit   '@firebase/storage-types': [ '0.8.3' ],
262 silly audit   '@firebase/util': [ '1.12.1' ],
262 silly audit   '@firebase/webchannel-wrapper': [ '1.0.3' ],
262 silly audit   '@grpc/grpc-js': [ '1.9.15' ],
262 silly audit   '@grpc/proto-loader': [ '0.7.15' ],
262 silly audit   '@humanfs/core': [ '0.19.1' ],
262 silly audit   '@humanfs/node': [ '0.16.6' ],
262 silly audit   '@humanwhocodes/retry': [ '0.3.1', '0.4.3' ],
262 silly audit   '@humanwhocodes/module-importer': [ '1.0.1' ],
262 silly audit   '@isaacs/fs-minipass': [ '4.0.1' ],
262 silly audit   '@jridgewell/gen-mapping': [ '0.3.12' ],
262 silly audit   '@jridgewell/resolve-uri': [ '3.1.2' ],
262 silly audit   '@jridgewell/sourcemap-codec': [ '1.5.4' ],
262 silly audit   '@jridgewell/trace-mapping': [ '0.3.29' ],
262 silly audit   '@napi-rs/wasm-runtime': [ '0.2.11' ],
262 silly audit   '@next/eslint-plugin-next': [ '15.3.4' ],
262 silly audit   '@nodelib/fs.scandir': [ '2.1.5' ],
262 silly audit   '@nodelib/fs.stat': [ '2.0.5' ],
262 silly audit   '@nodelib/fs.walk': [ '1.2.8' ],
262 silly audit   '@nolyfill/is-core-module': [ '1.0.39' ],
262 silly audit   '@protobufjs/aspromise': [ '1.1.2' ],
262 silly audit   '@protobufjs/base64': [ '1.1.2' ],
262 silly audit   '@protobufjs/codegen': [ '2.0.4' ],
262 silly audit   '@protobufjs/eventemitter': [ '1.1.0' ],
262 silly audit   '@protobufjs/fetch': [ '1.1.0' ],
262 silly audit   '@protobufjs/float': [ '1.0.2' ],
262 silly audit   '@protobufjs/inquire': [ '1.1.0' ],
262 silly audit   '@protobufjs/path': [ '1.1.2' ],
262 silly audit   '@protobufjs/pool': [ '1.1.0' ],
262 silly audit   '@protobufjs/utf8': [ '1.1.0' ],
262 silly audit   '@rtsao/scc': [ '1.1.0' ],
262 silly audit   '@rushstack/eslint-patch': [ '1.12.0' ],
262 silly audit   '@swc/helpers': [ '0.5.15' ],
262 silly audit   '@tailwindcss/node': [ '4.1.11' ],
262 silly audit   '@tailwindcss/oxide': [ '4.1.11' ],
262 silly audit   '@tailwindcss/oxide-android-arm64': [ '4.1.11' ],
262 silly audit   '@tailwindcss/oxide-darwin-arm64': [ '4.1.11' ],
262 silly audit   '@tailwindcss/oxide-darwin-x64': [ '4.1.11' ],
262 silly audit   '@tailwindcss/oxide-freebsd-x64': [ '4.1.11' ],
262 silly audit   '@tailwindcss/oxide-linux-arm-gnueabihf': [ '4.1.11' ],
262 silly audit   '@tailwindcss/oxide-linux-arm64-gnu': [ '4.1.11' ],
262 silly audit   '@tailwindcss/oxide-linux-arm64-musl': [ '4.1.11' ],
262 silly audit   '@tailwindcss/oxide-linux-x64-gnu': [ '4.1.11' ],
262 silly audit   '@tailwindcss/oxide-linux-x64-musl': [ '4.1.11' ],
262 silly audit   '@tailwindcss/oxide-win32-arm64-msvc': [ '4.1.11' ],
262 silly audit   '@tailwindcss/oxide-win32-x64-msvc': [ '4.1.11' ],
262 silly audit   '@tailwindcss/postcss': [ '4.1.11' ],
262 silly audit   '@tybys/wasm-util': [ '0.9.0' ],
262 silly audit   '@types/estree': [ '1.0.8' ],
262 silly audit   '@types/json-schema': [ '7.0.15' ],
262 silly audit   '@types/json5': [ '0.0.29' ],
262 silly audit   '@types/node': [ '24.0.10' ],
262 silly audit   '@typescript-eslint/eslint-plugin': [ '8.35.1' ],
262 silly audit   ignore: [ '7.0.5', '5.3.2' ],
262 silly audit   '@typescript-eslint/parser': [ '8.35.1' ],
262 silly audit   '@typescript-eslint/project-service': [ '8.35.1' ],
262 silly audit   '@typescript-eslint/scope-manager': [ '8.35.1' ],
262 silly audit   '@typescript-eslint/tsconfig-utils': [ '8.35.1' ],
262 silly audit   '@typescript-eslint/type-utils': [ '8.35.1' ],
262 silly audit   '@typescript-eslint/types': [ '8.35.1' ],
262 silly audit   '@typescript-eslint/typescript-estree': [ '8.35.1' ],
262 silly audit   'brace-expansion': [ '2.0.2', '1.1.12' ],
262 silly audit   'fast-glob': [ '3.3.3', '3.3.1' ],
262 silly audit   'glob-parent': [ '5.1.2', '6.0.2' ],
262 silly audit   minimatch: [ '9.0.5', '3.1.2' ],
262 silly audit   '@typescript-eslint/utils': [ '8.35.1' ],
262 silly audit   '@typescript-eslint/visitor-keys': [ '8.35.1' ],
262 silly audit   '@unrs/resolver-binding-android-arm-eabi': [ '1.9.2' ],
262 silly audit   '@unrs/resolver-binding-android-arm64': [ '1.9.2' ],
262 silly audit   '@unrs/resolver-binding-darwin-arm64': [ '1.9.2' ],
262 silly audit   '@unrs/resolver-binding-darwin-x64': [ '1.9.2' ],
262 silly audit   '@unrs/resolver-binding-freebsd-x64': [ '1.9.2' ],
262 silly audit   '@unrs/resolver-binding-linux-arm-gnueabihf': [ '1.9.2' ],
262 silly audit   '@unrs/resolver-binding-linux-arm-musleabihf': [ '1.9.2' ],
262 silly audit   '@unrs/resolver-binding-linux-arm64-gnu': [ '1.9.2' ],
262 silly audit   '@unrs/resolver-binding-linux-arm64-musl': [ '1.9.2' ],
262 silly audit   '@unrs/resolver-binding-linux-ppc64-gnu': [ '1.9.2' ],
262 silly audit   '@unrs/resolver-binding-linux-riscv64-gnu': [ '1.9.2' ],
262 silly audit   '@unrs/resolver-binding-linux-riscv64-musl': [ '1.9.2' ],
262 silly audit   '@unrs/resolver-binding-linux-s390x-gnu': [ '1.9.2' ],
262 silly audit   '@unrs/resolver-binding-linux-x64-gnu': [ '1.9.2' ],
262 silly audit   '@unrs/resolver-binding-linux-x64-musl': [ '1.9.2' ],
262 silly audit   '@unrs/resolver-binding-wasm32-wasi': [ '1.9.2' ],
262 silly audit   '@unrs/resolver-binding-win32-arm64-msvc': [ '1.9.2' ],
262 silly audit   '@unrs/resolver-binding-win32-ia32-msvc': [ '1.9.2' ],
262 silly audit   '@unrs/resolver-binding-win32-x64-msvc': [ '1.9.2' ],
262 silly audit   acorn: [ '8.15.0' ],
262 silly audit   'acorn-jsx': [ '5.3.2' ],
262 silly audit   ajv: [ '6.12.6' ],
262 silly audit   'ansi-regex': [ '5.0.1' ],
262 silly audit   'ansi-styles': [ '4.3.0' ],
262 silly audit   argparse: [ '2.0.1' ],
262 silly audit   'aria-query': [ '5.3.2' ],
262 silly audit   'array-buffer-byte-length': [ '1.0.2' ],
262 silly audit   'array-includes': [ '3.1.9' ],
262 silly audit   'array.prototype.findlast': [ '1.2.5' ],
262 silly audit   'array.prototype.findlastindex': [ '1.2.6' ],
262 silly audit   'array.prototype.flat': [ '1.3.3' ],
262 silly audit   'array.prototype.flatmap': [ '1.3.3' ],
262 silly audit   'array.prototype.tosorted': [ '1.1.4' ],
262 silly audit   'arraybuffer.prototype.slice': [ '1.0.4' ],
262 silly audit   'ast-types-flow': [ '0.0.8' ],
262 silly audit   'async-function': [ '1.0.0' ],
262 silly audit   'available-typed-arrays': [ '1.0.7' ],
262 silly audit   'axe-core': [ '4.10.3' ],
262 silly audit   'axobject-query': [ '4.1.0' ],
262 silly audit   'balanced-match': [ '1.0.2' ],
262 silly audit   braces: [ '3.0.3' ],
262 silly audit   'call-bind': [ '1.0.8' ],
262 silly audit   'call-bind-apply-helpers': [ '1.0.2' ],
262 silly audit   'call-bound': [ '1.0.4' ],
262 silly audit   callsites: [ '3.1.0' ],
262 silly audit   'caniuse-lite': [ '1.0.30001726' ],
262 silly audit   chalk: [ '4.1.2' ],
262 silly audit   chownr: [ '3.0.0' ],
262 silly audit   'client-only': [ '0.0.1' ],
262 silly audit   cliui: [ '8.0.1' ],
262 silly audit   'color-convert': [ '2.0.1' ],
262 silly audit   'color-name': [ '1.1.4' ],
262 silly audit   'concat-map': [ '0.0.1' ],
262 silly audit   'cross-spawn': [ '7.0.6' ],
262 silly audit   'damerau-levenshtein': [ '1.0.8' ],
262 silly audit   'data-view-buffer': [ '1.0.2' ],
262 silly audit   'data-view-byte-length': [ '1.0.2' ],
262 silly audit   'data-view-byte-offset': [ '1.0.1' ],
262 silly audit   debug: [ '4.4.1', '3.2.7' ],
262 silly audit   'deep-is': [ '0.1.4' ],
262 silly audit   'define-data-property': [ '1.1.4' ],
262 silly audit   'define-properties': [ '1.2.1' ],
262 silly audit   doctrine: [ '2.1.0' ],
262 silly audit   'dunder-proto': [ '1.0.1' ],
262 silly audit   'emoji-regex': [ '9.2.2', '8.0.0' ],
262 silly audit   'enhanced-resolve': [ '5.18.2' ],
262 silly audit   'es-abstract': [ '1.24.0' ],
262 silly audit   'es-define-property': [ '1.0.1' ],
262 silly audit   'es-errors': [ '1.3.0' ],
262 silly audit   'es-iterator-helpers': [ '1.2.1' ],
262 silly audit   'es-object-atoms': [ '1.1.1' ],
262 silly audit   'es-set-tostringtag': [ '2.1.0' ],
262 silly audit   'es-shim-unscopables': [ '1.1.0' ],
262 silly audit   'es-to-primitive': [ '1.3.0' ],
262 silly audit   escalade: [ '3.2.0' ],
262 silly audit   'escape-string-regexp': [ '4.0.0' ],
262 silly audit   eslint: [ '9.30.1' ],
262 silly audit   'eslint-config-next': [ '15.3.4' ],
262 silly audit   'eslint-import-resolver-node': [ '0.3.9' ],
262 silly audit   'eslint-import-resolver-typescript': [ '3.10.1' ],
262 silly audit   'eslint-module-utils': [ '2.12.1' ],
262 silly audit   'eslint-plugin-import': [ '2.32.0' ],
262 silly audit   semver: [ '6.3.1', '7.7.3' ],
262 silly audit   'eslint-plugin-jsx-a11y': [ '6.10.2' ],
262 silly audit   'eslint-plugin-react': [ '7.37.5' ],
262 silly audit   'eslint-plugin-react-hooks': [ '5.2.0' ],
262 silly audit   resolve: [ '2.0.0-next.5', '1.22.10' ],
262 silly audit   'eslint-scope': [ '8.4.0' ],
262 silly audit   espree: [ '10.4.0' ],
262 silly audit   esquery: [ '1.6.0' ],
262 silly audit   esrecurse: [ '4.3.0' ],
262 silly audit   estraverse: [ '5.3.0' ],
262 silly audit   esutils: [ '2.0.3' ],
262 silly audit   'fast-deep-equal': [ '3.1.3' ],
262 silly audit   'fast-json-stable-stringify': [ '2.1.0' ],
262 silly audit   'fast-levenshtein': [ '2.0.6' ],
262 silly audit   fastq: [ '1.19.1' ],
262 silly audit   'faye-websocket': [ '0.11.4' ],
262 silly audit   'file-entry-cache': [ '8.0.0' ],
262 silly audit   'fill-range': [ '7.1.1' ],
262 silly audit   'find-up': [ '5.0.0' ],
262 silly audit   firebase: [ '11.10.0' ],
262 silly audit   'flat-cache': [ '4.0.1' ],
262 silly audit   flatted: [ '3.3.3' ],
262 silly audit   'for-each': [ '0.3.5' ],
262 silly audit   'function-bind': [ '1.1.2' ],
262 silly audit   'function.prototype.name': [ '1.1.8' ],
262 silly audit   'functions-have-names': [ '1.2.3' ],
262 silly audit   'get-caller-file': [ '2.0.5' ],
262 silly audit   'get-intrinsic': [ '1.3.0' ],
262 silly audit   'get-proto': [ '1.0.1' ],
262 silly audit   'get-symbol-description': [ '1.1.0' ],
262 silly audit   'get-tsconfig': [ '4.10.1' ],
262 silly audit   globals: [ '14.0.0' ],
262 silly audit   globalthis: [ '1.0.4' ],
262 silly audit   gopd: [ '1.2.0' ],
262 silly audit   'graceful-fs': [ '4.2.11' ],
262 silly audit   graphemer: [ '1.4.0' ],
262 silly audit   'has-bigints': [ '1.1.0' ],
262 silly audit   'has-flag': [ '4.0.0' ],
262 silly audit   'has-property-descriptors': [ '1.0.2' ],
262 silly audit   'has-proto': [ '1.2.0' ],
262 silly audit   'has-symbols': [ '1.1.0' ],
262 silly audit   'has-tostringtag': [ '1.0.2' ],
262 silly audit   hasown: [ '2.0.2' ],
262 silly audit   'http-parser-js': [ '0.5.10' ],
262 silly audit   idb: [ '7.1.1' ],
262 silly audit   'import-fresh': [ '3.3.1' ],
262 silly audit   imurmurhash: [ '0.1.4' ],
262 silly audit   'internal-slot': [ '1.1.0' ],
262 silly audit   'is-array-buffer': [ '3.0.5' ],
262 silly audit   'is-async-function': [ '2.1.1' ],
262 silly audit   'is-bigint': [ '1.1.0' ],
262 silly audit   'is-boolean-object': [ '1.2.2' ],
262 silly audit   'is-bun-module': [ '2.0.0' ],
262 silly audit   'is-callable': [ '1.2.7' ],
262 silly audit   'is-core-module': [ '2.16.1' ],
262 silly audit   'is-data-view': [ '1.0.2' ],
262 silly audit   'is-date-object': [ '1.1.0' ],
262 silly audit   'is-extglob': [ '2.1.1' ],
262 silly audit   'is-finalizationregistry': [ '1.1.1' ],
262 silly audit   'is-fullwidth-code-point': [ '3.0.0' ],
262 silly audit   'is-generator-function': [ '1.1.0' ],
262 silly audit   'is-glob': [ '4.0.3' ],
262 silly audit   'is-map': [ '2.0.3' ],
262 silly audit   'is-negative-zero': [ '2.0.3' ],
262 silly audit   'is-number': [ '7.0.0' ],
262 silly audit   'is-number-object': [ '1.1.1' ],
262 silly audit   'is-regex': [ '1.2.1' ],
262 silly audit   'is-set': [ '2.0.3' ],
262 silly audit   'is-shared-array-buffer': [ '1.0.4' ],
262 silly audit   'is-string': [ '1.1.1' ],
262 silly audit   'is-symbol': [ '1.1.1' ],
262 silly audit   'is-typed-array': [ '1.1.15' ],
262 silly audit   'is-weakmap': [ '2.0.2' ],
262 silly audit   'is-weakref': [ '1.1.1' ],
262 silly audit   'is-weakset': [ '2.0.4' ],
262 silly audit   isarray: [ '2.0.5' ],
262 silly audit   isexe: [ '2.0.0' ],
262 silly audit   'iterator.prototype': [ '1.1.5' ],
262 silly audit   jiti: [ '2.4.2' ],
262 silly audit   'js-tokens': [ '4.0.0' ],
262 silly audit   'js-yaml': [ '4.1.0' ],
262 silly audit   'json-buffer': [ '3.0.1' ],
262 silly audit   'json-schema-traverse': [ '0.4.1' ],
262 silly audit   'json-stable-stringify-without-jsonify': [ '1.0.1' ],
262 silly audit   json5: [ '1.0.2' ],
262 silly audit   'jsx-ast-utils': [ '3.3.5' ],
262 silly audit   keyv: [ '4.5.4' ],
262 silly audit   'language-subtag-registry': [ '0.3.23' ],
262 silly audit   'language-tags': [ '1.0.9' ],
262 silly audit   levn: [ '0.4.1' ],
262 silly audit   lightningcss: [ '1.30.1' ],
262 silly audit   'lightningcss-darwin-arm64': [ '1.30.1' ],
262 silly audit   'lightningcss-darwin-x64': [ '1.30.1' ],
262 silly audit   'lightningcss-freebsd-x64': [ '1.30.1' ],
262 silly audit   'lightningcss-linux-arm-gnueabihf': [ '1.30.1' ],
262 silly audit   'lightningcss-linux-arm64-gnu': [ '1.30.1' ],
262 silly audit   'lightningcss-linux-arm64-musl': [ '1.30.1' ],
262 silly audit   'lightningcss-linux-x64-gnu': [ '1.30.1' ],
262 silly audit   'lightningcss-linux-x64-musl': [ '1.30.1' ],
262 silly audit   'lightningcss-win32-arm64-msvc': [ '1.30.1' ],
262 silly audit   'lightningcss-win32-x64-msvc': [ '1.30.1' ],
262 silly audit   'locate-path': [ '6.0.0' ],
262 silly audit   'lodash.camelcase': [ '4.3.0' ],
262 silly audit   'lodash.merge': [ '4.6.2' ],
262 silly audit   long: [ '5.3.2' ],
262 silly audit   'loose-envify': [ '1.4.0' ],
262 silly audit   'magic-string': [ '0.30.17' ],
262 silly audit   'math-intrinsics': [ '1.1.0' ],
262 silly audit   merge2: [ '1.4.1' ],
262 silly audit   micromatch: [ '4.0.8' ],
262 silly audit   minimist: [ '1.2.8' ],
262 silly audit   minipass: [ '7.1.2' ],
262 silly audit   minizlib: [ '3.0.2' ],
262 silly audit   mkdirp: [ '3.0.1' ],
262 silly audit   ms: [ '2.1.3' ],
262 silly audit   nanoid: [ '3.3.11' ],
262 silly audit   'napi-postinstall': [ '0.2.5' ],
262 silly audit   'natural-compare': [ '1.4.0' ],
262 silly audit   postcss: [ '8.5.6', '8.4.31' ],
262 silly audit   'object-assign': [ '4.1.1' ],
262 silly audit   'object-inspect': [ '1.13.4' ],
262 silly audit   'object-keys': [ '1.1.1' ],
262 silly audit   'object.assign': [ '4.1.7' ],
262 silly audit   'object.entries': [ '1.1.9' ],
262 silly audit   'object.fromentries': [ '2.0.8' ],
262 silly audit   'object.groupby': [ '1.0.3' ],
262 silly audit   'object.values': [ '1.2.1' ],
262 silly audit   optionator: [ '0.9.4' ],
262 silly audit   'own-keys': [ '1.0.1' ],
262 silly audit   'p-limit': [ '3.1.0' ],
262 silly audit   'p-locate': [ '5.0.0' ],
262 silly audit   'parent-module': [ '1.0.1' ],
262 silly audit   'path-exists': [ '4.0.0' ],
262 silly audit   'path-key': [ '3.1.1' ],
262 silly audit   'path-parse': [ '1.0.7' ],
262 silly audit   picocolors: [ '1.1.1' ],
262 silly audit   picomatch: [ '2.3.1', '4.0.2' ],
262 silly audit   'possible-typed-array-names': [ '1.1.0' ],
262 silly audit   'prelude-ls': [ '1.2.1' ],
262 silly audit   'prop-types': [ '15.8.1' ],
262 silly audit   protobufjs: [ '7.5.3' ],
262 silly audit   punycode: [ '2.3.1' ],
262 silly audit   'queue-microtask': [ '1.2.3' ],
262 silly audit   react: [ '19.1.0' ],
262 silly audit   'react-dom': [ '19.1.0' ],
262 silly audit   'react-is': [ '16.13.1' ],
262 silly audit   'reflect.getprototypeof': [ '1.0.10' ],
262 silly audit   'regexp.prototype.flags': [ '1.5.4' ],
262 silly audit   'require-directory': [ '2.1.1' ],
262 silly audit   'resolve-from': [ '4.0.0' ],
262 silly audit   'resolve-pkg-maps': [ '1.0.0' ],
262 silly audit   reusify: [ '1.1.0' ],
262 silly audit   'run-parallel': [ '1.2.0' ],
262 silly audit   'safe-array-concat': [ '1.1.3' ],
262 silly audit   'safe-buffer': [ '5.2.1' ],
262 silly audit   'safe-push-apply': [ '1.0.0' ],
262 silly audit   'safe-regex-test': [ '1.1.0' ],
262 silly audit   scheduler: [ '0.26.0' ],
262 silly audit   'set-function-length': [ '1.2.2' ],
262 silly audit   'set-function-name': [ '2.0.2' ],
262 silly audit   'set-proto': [ '1.0.0' ],
262 silly audit   'shebang-command': [ '2.0.0' ],
262 silly audit   'shebang-regex': [ '3.0.0' ],
262 silly audit   'side-channel': [ '1.1.0' ],
262 silly audit   'side-channel-list': [ '1.0.0' ],
262 silly audit   'side-channel-map': [ '1.0.1' ],
262 silly audit   'side-channel-weakmap': [ '1.0.2' ],
262 silly audit   'source-map-js': [ '1.2.1' ],
262 silly audit   'stable-hash': [ '0.0.5' ],
262 silly audit   'stop-iteration-iterator': [ '1.1.0' ],
262 silly audit   'string-width': [ '4.2.3' ],
262 silly audit   'string.prototype.includes': [ '2.0.1' ],
262 silly audit   'string.prototype.matchall': [ '4.0.12' ],
262 silly audit   'string.prototype.repeat': [ '1.0.0' ],
262 silly audit   'string.prototype.trim': [ '1.2.10' ],
262 silly audit   'string.prototype.trimend': [ '1.0.9' ],
262 silly audit   'string.prototype.trimstart': [ '1.0.8' ],
262 silly audit   'strip-ansi': [ '6.0.1' ],
262 silly audit   'strip-bom': [ '3.0.0' ],
262 silly audit   'strip-json-comments': [ '3.1.1' ],
262 silly audit   'styled-jsx': [ '5.1.6' ],
262 silly audit   'supports-color': [ '7.2.0' ],
262 silly audit   'supports-preserve-symlinks-flag': [ '1.0.0' ],
262 silly audit   tailwindcss: [ '4.1.11' ],
262 silly audit   tapable: [ '2.2.2' ],
262 silly audit   tar: [ '7.4.3' ],
262 silly audit   tinyglobby: [ '0.2.14' ],
262 silly audit   fdir: [ '6.4.6' ],
262 silly audit   'to-regex-range': [ '5.0.1' ],
262 silly audit   'ts-api-utils': [ '2.1.0' ],
262 silly audit   'tsconfig-paths': [ '3.15.0' ],
262 silly audit   tslib: [ '2.8.1' ],
262 silly audit   'type-check': [ '0.4.0' ],
262 silly audit   'typed-array-buffer': [ '1.0.3' ],
262 silly audit   'typed-array-byte-length': [ '1.0.3' ],
262 silly audit   'typed-array-byte-offset': [ '1.0.4' ],
262 silly audit   'typed-array-length': [ '1.0.7' ],
262 silly audit   typescript: [ '5.8.3' ],
262 silly audit   'unbox-primitive': [ '1.1.0' ],
262 silly audit   'undici-types': [ '7.8.0' ],
262 silly audit   'unrs-resolver': [ '1.9.2' ],
262 silly audit   'uri-js': [ '4.4.1' ],
262 silly audit   'web-vitals': [ '4.2.4' ],
262 silly audit   'websocket-driver': [ '0.7.4' ],
262 silly audit   'websocket-extensions': [ '0.1.4' ],
262 silly audit   which: [ '2.0.2' ],
262 silly audit   'which-boxed-primitive': [ '1.1.1' ],
262 silly audit   'which-builtin-type': [ '1.2.1' ],
262 silly audit   'which-collection': [ '1.0.2' ],
262 silly audit   'which-typed-array': [ '1.1.19' ],
262 silly audit   'word-wrap': [ '1.2.5' ],
262 silly audit   'wrap-ansi': [ '7.0.0' ],
262 silly audit   y18n: [ '5.0.8' ],
262 silly audit   yallist: [ '5.0.0' ],
262 silly audit   yargs: [ '17.7.2' ],
262 silly audit   'yargs-parser': [ '21.1.1' ],
262 silly audit   'yocto-queue': [ '0.1.0' ],
262 silly audit   next: [ '16.1.3' ],
262 silly audit   '@next/env': [ '16.1.3' ],
262 silly audit   '@next/swc-darwin-arm64': [ '16.1.3' ],
262 silly audit   '@next/swc-darwin-x64': [ '16.1.3' ],
262 silly audit   '@next/swc-linux-arm64-gnu': [ '16.1.3' ],
262 silly audit   '@next/swc-linux-arm64-musl': [ '16.1.3' ],
262 silly audit   '@next/swc-linux-x64-gnu': [ '16.1.3' ],
262 silly audit   '@next/swc-linux-x64-musl': [ '16.1.3' ],
262 silly audit   '@next/swc-win32-arm64-msvc': [ '16.1.3' ],
262 silly audit   '@next/swc-win32-x64-msvc': [ '16.1.3' ],
262 silly audit   'baseline-browser-mapping': [ '2.9.15' ],
262 silly audit   sharp: [ '0.34.5' ],
262 silly audit   '@img/colour': [ '1.0.0' ],
262 silly audit   '@img/sharp-darwin-arm64': [ '0.34.5' ],
262 silly audit   '@img/sharp-darwin-x64': [ '0.34.5' ],
262 silly audit   '@img/sharp-libvips-darwin-arm64': [ '1.2.4' ],
262 silly audit   '@img/sharp-libvips-darwin-x64': [ '1.2.4' ],
262 silly audit   '@img/sharp-libvips-linux-arm': [ '1.2.4' ],
262 silly audit   '@img/sharp-libvips-linux-arm64': [ '1.2.4' ],
262 silly audit   '@img/sharp-libvips-linux-ppc64': [ '1.2.4' ],
262 silly audit   '@img/sharp-libvips-linux-riscv64': [ '1.2.4' ],
262 silly audit   '@img/sharp-libvips-linux-s390x': [ '1.2.4' ],
262 silly audit   '@img/sharp-libvips-linux-x64': [ '1.2.4' ],
262 silly audit   '@img/sharp-libvips-linuxmusl-arm64': [ '1.2.4' ],
262 silly audit   '@img/sharp-libvips-linuxmusl-x64': [ '1.2.4' ],
262 silly audit   '@img/sharp-linux-arm': [ '0.34.5' ],
262 silly audit   '@img/sharp-linux-arm64': [ '0.34.5' ],
262 silly audit   '@img/sharp-linux-ppc64': [ '0.34.5' ],
262 silly audit   '@img/sharp-linux-riscv64': [ '0.34.5' ],
262 silly audit   '@img/sharp-linux-s390x': [ '0.34.5' ],
262 silly audit   '@img/sharp-linux-x64': [ '0.34.5' ],
262 silly audit   '@img/sharp-linuxmusl-arm64': [ '0.34.5' ],
262 silly audit   '@img/sharp-linuxmusl-x64': [ '0.34.5' ],
262 silly audit   '@img/sharp-wasm32': [ '0.34.5' ],
262 silly audit   '@img/sharp-win32-arm64': [ '0.34.5' ],
262 silly audit   '@img/sharp-win32-ia32': [ '0.34.5' ],
262 silly audit   '@img/sharp-win32-x64': [ '0.34.5' ],
262 silly audit   'detect-libc': [ '2.1.2' ],
262 silly audit   '@emnapi/runtime': [ '1.8.1' ],
262 silly audit   '@tailwindcss/oxide-wasm32-wasi': [ '4.1.11' ]
262 silly audit }
263 verbose reify failed optional dependency /Users/mohammad/Projects/alfaruq.islamic.school/node_modules/@img/sharp-win32-x64
264 silly reify mark deleted [
264 silly reify   '/Users/mohammad/Projects/alfaruq.islamic.school/node_modules/@img/sharp-win32-x64'
264 silly reify ]
265 verbose reify failed optional dependency /Users/mohammad/Projects/alfaruq.islamic.school/node_modules/@img/sharp-win32-ia32
266 silly reify mark deleted [
266 silly reify   '/Users/mohammad/Projects/alfaruq.islamic.school/node_modules/@img/sharp-win32-ia32'
266 silly reify ]
267 verbose reify failed optional dependency /Users/mohammad/Projects/alfaruq.islamic.school/node_modules/@img/sharp-win32-arm64
268 silly reify mark deleted [
268 silly reify   '/Users/mohammad/Projects/alfaruq.islamic.school/node_modules/@img/sharp-win32-arm64'
268 silly reify ]
269 verbose reify failed optional dependency /Users/mohammad/Projects/alfaruq.islamic.school/node_modules/@img/sharp-wasm32
270 silly reify mark deleted [
270 silly reify   '/Users/mohammad/Projects/alfaruq.islamic.school/node_modules/@img/sharp-wasm32'
270 silly reify ]
271 verbose reify failed optional dependency /Users/mohammad/Projects/alfaruq.islamic.school/node_modules/@img/sharp-linuxmusl-x64
272 silly reify mark deleted [
272 silly reify   '/Users/mohammad/Projects/alfaruq.islamic.school/node_modules/@img/sharp-linuxmusl-x64'
272 silly reify ]
273 verbose reify failed optional dependency /Users/mohammad/Projects/alfaruq.islamic.school/node_modules/@img/sharp-linuxmusl-arm64
274 silly reify mark deleted [
274 silly reify   '/Users/mohammad/Projects/alfaruq.islamic.school/node_modules/@img/sharp-linuxmusl-arm64'
274 silly reify ]
275 verbose reify failed optional dependency /Users/mohammad/Projects/alfaruq.islamic.school/node_modules/@img/sharp-linux-x64
276 silly reify mark deleted [
276 silly reify   '/Users/mohammad/Projects/alfaruq.islamic.school/node_modules/@img/sharp-linux-x64'
276 silly reify ]
277 verbose reify failed optional dependency /Users/mohammad/Projects/alfaruq.islamic.school/node_modules/@img/sharp-linux-s390x
278 silly reify mark deleted [
278 silly reify   '/Users/mohammad/Projects/alfaruq.islamic.school/node_modules/@img/sharp-linux-s390x'
278 silly reify ]
279 verbose reify failed optional dependency /Users/mohammad/Projects/alfaruq.islamic.school/node_modules/@img/sharp-linux-riscv64
280 silly reify mark deleted [
280 silly reify   '/Users/mohammad/Projects/alfaruq.islamic.school/node_modules/@img/sharp-linux-riscv64'
280 silly reify ]
281 verbose reify failed optional dependency /Users/mohammad/Projects/alfaruq.islamic.school/node_modules/@img/sharp-linux-ppc64
282 silly reify mark deleted [
282 silly reify   '/Users/mohammad/Projects/alfaruq.islamic.school/node_modules/@img/sharp-linux-ppc64'
282 silly reify ]
283 verbose reify failed optional dependency /Users/mohammad/Projects/alfaruq.islamic.school/node_modules/@img/sharp-linux-arm64
284 silly reify mark deleted [
284 silly reify   '/Users/mohammad/Projects/alfaruq.islamic.school/node_modules/@img/sharp-linux-arm64'
284 silly reify ]
285 verbose reify failed optional dependency /Users/mohammad/Projects/alfaruq.islamic.school/node_modules/@img/sharp-linux-arm
286 silly reify mark deleted [
286 silly reify   '/Users/mohammad/Projects/alfaruq.islamic.school/node_modules/@img/sharp-linux-arm'
286 silly reify ]
287 verbose reify failed optional dependency /Users/mohammad/Projects/alfaruq.islamic.school/node_modules/@img/sharp-libvips-linuxmusl-x64
288 silly reify mark deleted [
288 silly reify   '/Users/mohammad/Projects/alfaruq.islamic.school/node_modules/@img/sharp-libvips-linuxmusl-x64'
288 silly reify ]
289 verbose reify failed optional dependency /Users/mohammad/Projects/alfaruq.islamic.school/node_modules/@img/sharp-libvips-linuxmusl-arm64
290 silly reify mark deleted [
290 silly reify   '/Users/mohammad/Projects/alfaruq.islamic.school/node_modules/@img/sharp-libvips-linuxmusl-arm64'
290 silly reify ]
291 verbose reify failed optional dependency /Users/mohammad/Projects/alfaruq.islamic.school/node_modules/@img/sharp-libvips-linux-x64
292 silly reify mark deleted [
292 silly reify   '/Users/mohammad/Projects/alfaruq.islamic.school/node_modules/@img/sharp-libvips-linux-x64'
292 silly reify ]
293 verbose reify failed optional dependency /Users/mohammad/Projects/alfaruq.islamic.school/node_modules/@img/sharp-libvips-linux-s390x
294 silly reify mark deleted [
294 silly reify   '/Users/mohammad/Projects/alfaruq.islamic.school/node_modules/@img/sharp-libvips-linux-s390x'
294 silly reify ]
295 verbose reify failed optional dependency /Users/mohammad/Projects/alfaruq.islamic.school/node_modules/@img/sharp-libvips-linux-riscv64
296 silly reify mark deleted [
296 silly reify   '/Users/mohammad/Projects/alfaruq.islamic.school/node_modules/@img/sharp-libvips-linux-riscv64'
296 silly reify ]
297 verbose reify failed optional dependency /Users/mohammad/Projects/alfaruq.islamic.school/node_modules/@img/sharp-libvips-linux-ppc64
298 silly reify mark deleted [
298 silly reify   '/Users/mohammad/Projects/alfaruq.islamic.school/node_modules/@img/sharp-libvips-linux-ppc64'
298 silly reify ]
299 verbose reify failed optional dependency /Users/mohammad/Projects/alfaruq.islamic.school/node_modules/@img/sharp-libvips-linux-arm64
300 silly reify mark deleted [
300 silly reify   '/Users/mohammad/Projects/alfaruq.islamic.school/node_modules/@img/sharp-libvips-linux-arm64'
300 silly reify ]
301 verbose reify failed optional dependency /Users/mohammad/Projects/alfaruq.islamic.school/node_modules/@img/sharp-libvips-linux-arm
302 silly reify mark deleted [
302 silly reify   '/Users/mohammad/Projects/alfaruq.islamic.school/node_modules/@img/sharp-libvips-linux-arm'
302 silly reify ]
303 verbose reify failed optional dependency /Users/mohammad/Projects/alfaruq.islamic.school/node_modules/@img/sharp-libvips-darwin-x64
304 silly reify mark deleted [
304 silly reify   '/Users/mohammad/Projects/alfaruq.islamic.school/node_modules/@img/sharp-libvips-darwin-x64'
304 silly reify ]
305 verbose reify failed optional dependency /Users/mohammad/Projects/alfaruq.islamic.school/node_modules/@img/sharp-darwin-x64
306 silly reify mark deleted [
306 silly reify   '/Users/mohammad/Projects/alfaruq.islamic.school/node_modules/@img/sharp-darwin-x64'
306 silly reify ]
307 verbose reify failed optional dependency /Users/mohammad/Projects/alfaruq.islamic.school/node_modules/@next/swc-win32-x64-msvc
308 silly reify mark deleted [
308 silly reify   '/Users/mohammad/Projects/alfaruq.islamic.school/node_modules/@next/swc-win32-x64-msvc'
308 silly reify ]
309 verbose reify failed optional dependency /Users/mohammad/Projects/alfaruq.islamic.school/node_modules/@next/swc-win32-arm64-msvc
310 silly reify mark deleted [
310 silly reify   '/Users/mohammad/Projects/alfaruq.islamic.school/node_modules/@next/swc-win32-arm64-msvc'
310 silly reify ]
311 verbose reify failed optional dependency /Users/mohammad/Projects/alfaruq.islamic.school/node_modules/@next/swc-linux-x64-musl
312 silly reify mark deleted [
312 silly reify   '/Users/mohammad/Projects/alfaruq.islamic.school/node_modules/@next/swc-linux-x64-musl'
312 silly reify ]
313 verbose reify failed optional dependency /Users/mohammad/Projects/alfaruq.islamic.school/node_modules/@next/swc-linux-x64-gnu
314 silly reify mark deleted [
314 silly reify   '/Users/mohammad/Projects/alfaruq.islamic.school/node_modules/@next/swc-linux-x64-gnu'
314 silly reify ]
315 verbose reify failed optional dependency /Users/mohammad/Projects/alfaruq.islamic.school/node_modules/@next/swc-linux-arm64-musl
316 silly reify mark deleted [
316 silly reify   '/Users/mohammad/Projects/alfaruq.islamic.school/node_modules/@next/swc-linux-arm64-musl'
316 silly reify ]
317 verbose reify failed optional dependency /Users/mohammad/Projects/alfaruq.islamic.school/node_modules/@next/swc-linux-arm64-gnu
318 silly reify mark deleted [
318 silly reify   '/Users/mohammad/Projects/alfaruq.islamic.school/node_modules/@next/swc-linux-arm64-gnu'
318 silly reify ]
319 verbose reify failed optional dependency /Users/mohammad/Projects/alfaruq.islamic.school/node_modules/@next/swc-darwin-x64
320 silly reify mark deleted [
320 silly reify   '/Users/mohammad/Projects/alfaruq.islamic.school/node_modules/@next/swc-darwin-x64'
320 silly reify ]
321 verbose reify failed optional dependency /Users/mohammad/Projects/alfaruq.islamic.school/node_modules/lightningcss-win32-x64-msvc
322 silly reify mark deleted [
322 silly reify   '/Users/mohammad/Projects/alfaruq.islamic.school/node_modules/lightningcss-win32-x64-msvc'
322 silly reify ]
323 verbose reify failed optional dependency /Users/mohammad/Projects/alfaruq.islamic.school/node_modules/lightningcss-win32-arm64-msvc
324 silly reify mark deleted [
324 silly reify   '/Users/mohammad/Projects/alfaruq.islamic.school/node_modules/lightningcss-win32-arm64-msvc'
324 silly reify ]
325 verbose reify failed optional dependency /Users/mohammad/Projects/alfaruq.islamic.school/node_modules/lightningcss-linux-x64-musl
326 silly reify mark deleted [
326 silly reify   '/Users/mohammad/Projects/alfaruq.islamic.school/node_modules/lightningcss-linux-x64-musl'
326 silly reify ]
327 verbose reify failed optional dependency /Users/mohammad/Projects/alfaruq.islamic.school/node_modules/lightningcss-linux-x64-gnu
328 silly reify mark deleted [
328 silly reify   '/Users/mohammad/Projects/alfaruq.islamic.school/node_modules/lightningcss-linux-x64-gnu'
328 silly reify ]
329 verbose reify failed optional dependency /Users/mohammad/Projects/alfaruq.islamic.school/node_modules/lightningcss-linux-arm64-musl
330 silly reify mark deleted [
330 silly reify   '/Users/mohammad/Projects/alfaruq.islamic.school/node_modules/lightningcss-linux-arm64-musl'
330 silly reify ]
331 verbose reify failed optional dependency /Users/mohammad/Projects/alfaruq.islamic.school/node_modules/lightningcss-linux-arm64-gnu
332 silly reify mark deleted [
332 silly reify   '/Users/mohammad/Projects/alfaruq.islamic.school/node_modules/lightningcss-linux-arm64-gnu'
332 silly reify ]
333 verbose reify failed optional dependency /Users/mohammad/Projects/alfaruq.islamic.school/node_modules/lightningcss-linux-arm-gnueabihf
334 silly reify mark deleted [
334 silly reify   '/Users/mohammad/Projects/alfaruq.islamic.school/node_modules/lightningcss-linux-arm-gnueabihf'
334 silly reify ]
335 verbose reify failed optional dependency /Users/mohammad/Projects/alfaruq.islamic.school/node_modules/lightningcss-freebsd-x64
336 silly reify mark deleted [
336 silly reify   '/Users/mohammad/Projects/alfaruq.islamic.school/node_modules/lightningcss-freebsd-x64'
336 silly reify ]
337 verbose reify failed optional dependency /Users/mohammad/Projects/alfaruq.islamic.school/node_modules/lightningcss-darwin-x64
338 silly reify mark deleted [
338 silly reify   '/Users/mohammad/Projects/alfaruq.islamic.school/node_modules/lightningcss-darwin-x64'
338 silly reify ]
339 verbose reify failed optional dependency /Users/mohammad/Projects/alfaruq.islamic.school/node_modules/@unrs/resolver-binding-win32-x64-msvc
340 silly reify mark deleted [
340 silly reify   '/Users/mohammad/Projects/alfaruq.islamic.school/node_modules/@unrs/resolver-binding-win32-x64-msvc'
340 silly reify ]
341 verbose reify failed optional dependency /Users/mohammad/Projects/alfaruq.islamic.school/node_modules/@unrs/resolver-binding-win32-ia32-msvc
342 silly reify mark deleted [
342 silly reify   '/Users/mohammad/Projects/alfaruq.islamic.school/node_modules/@unrs/resolver-binding-win32-ia32-msvc'
342 silly reify ]
343 verbose reify failed optional dependency /Users/mohammad/Projects/alfaruq.islamic.school/node_modules/@unrs/resolver-binding-win32-arm64-msvc
344 silly reify mark deleted [
344 silly reify   '/Users/mohammad/Projects/alfaruq.islamic.school/node_modules/@unrs/resolver-binding-win32-arm64-msvc'
344 silly reify ]
345 verbose reify failed optional dependency /Users/mohammad/Projects/alfaruq.islamic.school/node_modules/@unrs/resolver-binding-wasm32-wasi
346 silly reify mark deleted [
346 silly reify   '/Users/mohammad/Projects/alfaruq.islamic.school/node_modules/@unrs/resolver-binding-wasm32-wasi'
346 silly reify ]
347 verbose reify failed optional dependency /Users/mohammad/Projects/alfaruq.islamic.school/node_modules/@unrs/resolver-binding-linux-x64-musl
348 silly reify mark deleted [
348 silly reify   '/Users/mohammad/Projects/alfaruq.islamic.school/node_modules/@unrs/resolver-binding-linux-x64-musl'
348 silly reify ]
349 verbose reify failed optional dependency /Users/mohammad/Projects/alfaruq.islamic.school/node_modules/@unrs/resolver-binding-linux-x64-gnu
350 silly reify mark deleted [
350 silly reify   '/Users/mohammad/Projects/alfaruq.islamic.school/node_modules/@unrs/resolver-binding-linux-x64-gnu'
350 silly reify ]
351 verbose reify failed optional dependency /Users/mohammad/Projects/alfaruq.islamic.school/node_modules/@unrs/resolver-binding-linux-s390x-gnu
352 silly reify mark deleted [
352 silly reify   '/Users/mohammad/Projects/alfaruq.islamic.school/node_modules/@unrs/resolver-binding-linux-s390x-gnu'
352 silly reify ]
353 verbose reify failed optional dependency /Users/mohammad/Projects/alfaruq.islamic.school/node_modules/@unrs/resolver-binding-linux-riscv64-musl
354 silly reify mark deleted [
354 silly reify   '/Users/mohammad/Projects/alfaruq.islamic.school/node_modules/@unrs/resolver-binding-linux-riscv64-musl'
354 silly reify ]
355 verbose reify failed optional dependency /Users/mohammad/Projects/alfaruq.islamic.school/node_modules/@unrs/resolver-binding-linux-riscv64-gnu
356 silly reify mark deleted [
356 silly reify   '/Users/mohammad/Projects/alfaruq.islamic.school/node_modules/@unrs/resolver-binding-linux-riscv64-gnu'
356 silly reify ]
357 verbose reify failed optional dependency /Users/mohammad/Projects/alfaruq.islamic.school/node_modules/@unrs/resolver-binding-linux-ppc64-gnu
358 silly reify mark deleted [
358 silly reify   '/Users/mohammad/Projects/alfaruq.islamic.school/node_modules/@unrs/resolver-binding-linux-ppc64-gnu'
358 silly reify ]
359 verbose reify failed optional dependency /Users/mohammad/Projects/alfaruq.islamic.school/node_modules/@unrs/resolver-binding-linux-arm64-musl
360 silly reify mark deleted [
360 silly reify   '/Users/mohammad/Projects/alfaruq.islamic.school/node_modules/@unrs/resolver-binding-linux-arm64-musl'
360 silly reify ]
361 verbose reify failed optional dependency /Users/mohammad/Projects/alfaruq.islamic.school/node_modules/@unrs/resolver-binding-linux-arm64-gnu
362 silly reify mark deleted [
362 silly reify   '/Users/mohammad/Projects/alfaruq.islamic.school/node_modules/@unrs/resolver-binding-linux-arm64-gnu'
362 silly reify ]
363 verbose reify failed optional dependency /Users/mohammad/Projects/alfaruq.islamic.school/node_modules/@unrs/resolver-binding-linux-arm-musleabihf
364 silly reify mark deleted [
364 silly reify   '/Users/mohammad/Projects/alfaruq.islamic.school/node_modules/@unrs/resolver-binding-linux-arm-musleabihf'
364 silly reify ]
365 verbose reify failed optional dependency /Users/mohammad/Projects/alfaruq.islamic.school/node_modules/@unrs/resolver-binding-linux-arm-gnueabihf
366 silly reify mark deleted [
366 silly reify   '/Users/mohammad/Projects/alfaruq.islamic.school/node_modules/@unrs/resolver-binding-linux-arm-gnueabihf'
366 silly reify ]
367 verbose reify failed optional dependency /Users/mohammad/Projects/alfaruq.islamic.school/node_modules/@unrs/resolver-binding-freebsd-x64
368 silly reify mark deleted [
368 silly reify   '/Users/mohammad/Projects/alfaruq.islamic.school/node_modules/@unrs/resolver-binding-freebsd-x64'
368 silly reify ]
369 verbose reify failed optional dependency /Users/mohammad/Projects/alfaruq.islamic.school/node_modules/@unrs/resolver-binding-darwin-x64
370 silly reify mark deleted [
370 silly reify   '/Users/mohammad/Projects/alfaruq.islamic.school/node_modules/@unrs/resolver-binding-darwin-x64'
370 silly reify ]
371 verbose reify failed optional dependency /Users/mohammad/Projects/alfaruq.islamic.school/node_modules/@unrs/resolver-binding-android-arm64
372 silly reify mark deleted [
372 silly reify   '/Users/mohammad/Projects/alfaruq.islamic.school/node_modules/@unrs/resolver-binding-android-arm64'
372 silly reify ]
373 verbose reify failed optional dependency /Users/mohammad/Projects/alfaruq.islamic.school/node_modules/@unrs/resolver-binding-android-arm-eabi
374 silly reify mark deleted [
374 silly reify   '/Users/mohammad/Projects/alfaruq.islamic.school/node_modules/@unrs/resolver-binding-android-arm-eabi'
374 silly reify ]
375 verbose reify failed optional dependency /Users/mohammad/Projects/alfaruq.islamic.school/node_modules/@tailwindcss/oxide-win32-x64-msvc
376 silly reify mark deleted [
376 silly reify   '/Users/mohammad/Projects/alfaruq.islamic.school/node_modules/@tailwindcss/oxide-win32-x64-msvc'
376 silly reify ]
377 verbose reify failed optional dependency /Users/mohammad/Projects/alfaruq.islamic.school/node_modules/@tailwindcss/oxide-win32-arm64-msvc
378 silly reify mark deleted [
378 silly reify   '/Users/mohammad/Projects/alfaruq.islamic.school/node_modules/@tailwindcss/oxide-win32-arm64-msvc'
378 silly reify ]
379 verbose reify failed optional dependency /Users/mohammad/Projects/alfaruq.islamic.school/node_modules/@tailwindcss/oxide-linux-x64-musl
380 silly reify mark deleted [
380 silly reify   '/Users/mohammad/Projects/alfaruq.islamic.school/node_modules/@tailwindcss/oxide-linux-x64-musl'
380 silly reify ]
381 verbose reify failed optional dependency /Users/mohammad/Projects/alfaruq.islamic.school/node_modules/@tailwindcss/oxide-linux-x64-gnu
382 silly reify mark deleted [
382 silly reify   '/Users/mohammad/Projects/alfaruq.islamic.school/node_modules/@tailwindcss/oxide-linux-x64-gnu'
382 silly reify ]
383 verbose reify failed optional dependency /Users/mohammad/Projects/alfaruq.islamic.school/node_modules/@tailwindcss/oxide-linux-arm64-musl
384 silly reify mark deleted [
384 silly reify   '/Users/mohammad/Projects/alfaruq.islamic.school/node_modules/@tailwindcss/oxide-linux-arm64-musl'
384 silly reify ]
385 verbose reify failed optional dependency /Users/mohammad/Projects/alfaruq.islamic.school/node_modules/@tailwindcss/oxide-linux-arm64-gnu
386 silly reify mark deleted [
386 silly reify   '/Users/mohammad/Projects/alfaruq.islamic.school/node_modules/@tailwindcss/oxide-linux-arm64-gnu'
386 silly reify ]
387 verbose reify failed optional dependency /Users/mohammad/Projects/alfaruq.islamic.school/node_modules/@tailwindcss/oxide-linux-arm-gnueabihf
388 silly reify mark deleted [
388 silly reify   '/Users/mohammad/Projects/alfaruq.islamic.school/node_modules/@tailwindcss/oxide-linux-arm-gnueabihf'
388 silly reify ]
389 verbose reify failed optional dependency /Users/mohammad/Projects/alfaruq.islamic.school/node_modules/@tailwindcss/oxide-freebsd-x64
390 silly reify mark deleted [
390 silly reify   '/Users/mohammad/Projects/alfaruq.islamic.school/node_modules/@tailwindcss/oxide-freebsd-x64'
390 silly reify ]
391 verbose reify failed optional dependency /Users/mohammad/Projects/alfaruq.islamic.school/node_modules/@tailwindcss/oxide-darwin-x64
392 silly reify mark deleted [
392 silly reify   '/Users/mohammad/Projects/alfaruq.islamic.school/node_modules/@tailwindcss/oxide-darwin-x64'
392 silly reify ]
393 verbose reify failed optional dependency /Users/mohammad/Projects/alfaruq.islamic.school/node_modules/@tailwindcss/oxide-android-arm64
394 silly reify mark deleted [
394 silly reify   '/Users/mohammad/Projects/alfaruq.islamic.school/node_modules/@tailwindcss/oxide-android-arm64'
394 silly reify ]
395 http cache @img/colour@https://registry.npmjs.org/@img/colour/-/colour-1.0.0.tgz 0ms (cache hit)
396 http cache baseline-browser-mapping@https://registry.npmjs.org/baseline-browser-mapping/-/baseline-browser-mapping-2.9.15.tgz 0ms (cache hit)
397 http cache @img/sharp-libvips-darwin-arm64@https://registry.npmjs.org/@img/sharp-libvips-darwin-arm64/-/sharp-libvips-darwin-arm64-1.2.4.tgz 0ms (cache hit)
398 http cache @next/env@https://registry.npmjs.org/@next/env/-/env-16.1.3.tgz 0ms (cache hit)
399 http cache @next/swc-darwin-arm64@https://registry.npmjs.org/@next/swc-darwin-arm64/-/swc-darwin-arm64-16.1.3.tgz 0ms (cache hit)
400 http cache semver@https://registry.npmjs.org/semver/-/semver-7.7.3.tgz 0ms (cache hit)
401 http cache @emnapi/runtime@https://registry.npmjs.org/@emnapi/runtime/-/runtime-1.8.1.tgz 0ms (cache hit)
402 http cache sharp@https://registry.npmjs.org/sharp/-/sharp-0.34.5.tgz 0ms (cache hit)
403 http cache next@https://registry.npmjs.org/next/-/next-16.1.3.tgz 0ms (cache hit)
404 http cache @img/sharp-darwin-arm64@https://registry.npmjs.org/@img/sharp-darwin-arm64/-/sharp-darwin-arm64-0.34.5.tgz 0ms (cache hit)
405 silly tarball no local data for @img/colour@https://registry.npmjs.org/@img/colour/-/colour-1.0.0.tgz. Extracting by manifest.
406 silly tarball no local data for baseline-browser-mapping@https://registry.npmjs.org/baseline-browser-mapping/-/baseline-browser-mapping-2.9.15.tgz. Extracting by manifest.
407 http cache detect-libc@https://registry.npmjs.org/detect-libc/-/detect-libc-2.1.2.tgz 0ms (cache hit)
408 silly tarball no local data for @img/sharp-libvips-darwin-arm64@https://registry.npmjs.org/@img/sharp-libvips-darwin-arm64/-/sharp-libvips-darwin-arm64-1.2.4.tgz. Extracting by manifest.
409 silly tarball no local data for @next/env@https://registry.npmjs.org/@next/env/-/env-16.1.3.tgz. Extracting by manifest.
410 silly tarball no local data for @next/swc-darwin-arm64@https://registry.npmjs.org/@next/swc-darwin-arm64/-/swc-darwin-arm64-16.1.3.tgz. Extracting by manifest.
411 silly tarball no local data for semver@https://registry.npmjs.org/semver/-/semver-7.7.3.tgz. Extracting by manifest.
412 silly tarball no local data for @emnapi/runtime@https://registry.npmjs.org/@emnapi/runtime/-/runtime-1.8.1.tgz. Extracting by manifest.
413 silly tarball no local data for sharp@https://registry.npmjs.org/sharp/-/sharp-0.34.5.tgz. Extracting by manifest.
414 silly tarball no local data for next@https://registry.npmjs.org/next/-/next-16.1.3.tgz. Extracting by manifest.
415 silly tarball no local data for @img/sharp-darwin-arm64@https://registry.npmjs.org/@img/sharp-darwin-arm64/-/sharp-darwin-arm64-0.34.5.tgz. Extracting by manifest.
416 silly tarball no local data for detect-libc@https://registry.npmjs.org/detect-libc/-/detect-libc-2.1.2.tgz. Extracting by manifest.
417 http fetch GET 200 https://registry.npmjs.org/baseline-browser-mapping/-/baseline-browser-mapping-2.9.15.tgz 65ms (cache miss)
418 http fetch POST 200 https://registry.npmjs.org/-/npm/v1/security/advisories/bulk 79ms
419 silly audit report {
419 silly audit report   '@eslint/plugin-kit': [
419 silly audit report     {
419 silly audit report       id: 1106734,
419 silly audit report       url: 'https://github.com/advisories/GHSA-xffm-g5w8-qvg7',
419 silly audit report       title: '@eslint/plugin-kit is vulnerable to Regular Expression Denial of Service attacks through ConfigCommentParser',
419 silly audit report       severity: 'low',
419 silly audit report       vulnerable_versions: '<0.3.4',
419 silly audit report       cwe: [Array],
419 silly audit report       cvss: [Object]
419 silly audit report     }
419 silly audit report   ],
419 silly audit report   'js-yaml': [
419 silly audit report     {
419 silly audit report       id: 1109802,
419 silly audit report       url: 'https://github.com/advisories/GHSA-mh29-5h37-fv8m',
419 silly audit report       title: 'js-yaml has prototype pollution in merge (<<)',
419 silly audit report       severity: 'moderate',
419 silly audit report       vulnerable_versions: '>=4.0.0 <4.1.1',
419 silly audit report       cwe: [Array],
419 silly audit report       cvss: [Object]
419 silly audit report     }
419 silly audit report   ],
419 silly audit report   tar: [
419 silly audit report     {
419 silly audit report       id: 1112255,
419 silly audit report       url: 'https://github.com/advisories/GHSA-8qq5-rm4j-mr97',
419 silly audit report       title: 'node-tar is Vulnerable to Arbitrary File Overwrite and Symlink Poisoning via Insufficient Path Sanitization',
419 silly audit report       severity: 'high',
419 silly audit report       vulnerable_versions: '<=7.5.2',
419 silly audit report       cwe: [Array],
419 silly audit report       cvss: [Object]
419 silly audit report     }
419 silly audit report   ]
419 silly audit report }
420 silly packumentCache corgi:https://registry.npmjs.org/@eslint%2fplugin-kit cache-miss
421 silly packumentCache corgi:https://registry.npmjs.org/js-yaml cache-miss
422 silly packumentCache corgi:https://registry.npmjs.org/tar cache-miss
423 http fetch GET 200 https://registry.npmjs.org/semver/-/semver-7.7.3.tgz 78ms (cache miss)
424 http fetch GET 200 https://registry.npmjs.org/@next/env/-/env-16.1.3.tgz 80ms (cache miss)
425 http fetch GET 200 https://registry.npmjs.org/sharp/-/sharp-0.34.5.tgz 84ms (cache miss)
426 http fetch GET 200 https://registry.npmjs.org/@img/colour/-/colour-1.0.0.tgz 87ms (cache miss)
427 http fetch GET 200 https://registry.npmjs.org/@emnapi/runtime/-/runtime-1.8.1.tgz 90ms (cache miss)
428 http fetch GET 200 https://registry.npmjs.org/js-yaml 52ms (cache miss)
429 silly packumentCache corgi:https://registry.npmjs.org/js-yaml set size:undefined disposed:false
430 http fetch GET 200 https://registry.npmjs.org/tar 54ms (cache miss)
431 silly packumentCache corgi:https://registry.npmjs.org/tar set size:undefined disposed:false
432 http fetch GET 200 https://registry.npmjs.org/@eslint%2fplugin-kit 90ms (cache miss)
433 silly packumentCache corgi:https://registry.npmjs.org/@eslint%2fplugin-kit set size:undefined disposed:false
434 silly packumentCache corgi:https://registry.npmjs.org/eslint cache-miss
435 http fetch GET 200 https://registry.npmjs.org/detect-libc/-/detect-libc-2.1.2.tgz 197ms (cache miss)
436 http fetch GET 200 https://registry.npmjs.org/eslint 108ms (cache miss)
437 silly packumentCache corgi:https://registry.npmjs.org/eslint set size:undefined disposed:false
438 http fetch GET 200 https://registry.npmjs.org/@img/sharp-darwin-arm64/-/sharp-darwin-arm64-0.34.5.tgz 285ms (cache miss)
439 silly packumentCache corgi:https://registry.npmjs.org/@eslint%2feslintrc cache-miss
440 http fetch GET 200 https://registry.npmjs.org/@img/sharp-libvips-darwin-arm64/-/sharp-libvips-darwin-arm64-1.2.4.tgz 386ms (cache miss)
441 http fetch GET 200 https://registry.npmjs.org/@eslint%2feslintrc 146ms (cache miss)
442 silly packumentCache corgi:https://registry.npmjs.org/@eslint%2feslintrc set size:undefined disposed:false
443 silly packumentCache corgi:https://registry.npmjs.org/@tailwindcss%2foxide cache-miss
444 http fetch GET 200 https://registry.npmjs.org/@tailwindcss%2foxide 106ms (cache miss)
445 silly packumentCache corgi:https://registry.npmjs.org/@tailwindcss%2foxide set size:undefined disposed:false
446 http fetch GET 200 https://registry.npmjs.org/@next/swc-darwin-arm64/-/swc-darwin-arm64-16.1.3.tgz 1105ms (cache miss)
447 http fetch GET 200 https://registry.npmjs.org/next/-/next-16.1.3.tgz 1849ms (cache miss)
448 info run sharp@0.34.5 install node_modules/sharp node install/check.js || npm run build
449 info run sharp@0.34.5 install { code: 0, signal: null }
450 silly ADD
451 silly ADD
452 silly ADD
453 silly ADD
454 silly ADD
455 silly ADD
456 silly ADD
457 silly ADD
458 silly ADD
459 silly ADD
460 silly ADD
461 silly ADD
462 silly ADD
463 silly ADD
464 silly ADD
465 silly ADD
466 silly ADD
467 silly ADD
468 silly ADD
469 silly ADD
470 silly ADD
471 silly ADD
472 silly ADD node_modules/@img/colour
473 silly ADD node_modules/baseline-browser-mapping
474 silly ADD
475 silly ADD
476 silly ADD
477 silly ADD
478 silly ADD
479 silly ADD
480 silly ADD
481 silly ADD
482 silly ADD
483 silly ADD
484 silly ADD
485 silly ADD
486 silly ADD
487 silly ADD
488 silly ADD
489 silly ADD
490 silly ADD
491 silly ADD
492 silly ADD
493 silly ADD
494 silly ADD
495 silly ADD
496 silly ADD
497 silly ADD
498 silly ADD
499 silly ADD
500 silly ADD
501 silly ADD
502 silly ADD
503 silly ADD
504 silly ADD
505 silly ADD
506 silly ADD
507 silly ADD
508 silly ADD
509 silly ADD
510 silly ADD
511 silly ADD
512 silly ADD
513 silly ADD
514 silly ADD
515 silly ADD
516 silly ADD
517 silly ADD
518 silly ADD
519 silly REMOVE node_modules/@swc/counter
520 silly CHANGE node_modules/@next/swc-darwin-arm64
521 silly CHANGE node_modules/@next/env
522 silly CHANGE node_modules/@img/sharp-libvips-darwin-arm64
523 silly CHANGE node_modules/@img/sharp-darwin-arm64
524 silly CHANGE node_modules/@emnapi/runtime
525 silly REMOVE node_modules/simple-swizzle
526 silly REMOVE node_modules/streamsearch
527 silly CHANGE node_modules/sharp
528 silly CHANGE node_modules/semver
529 silly CHANGE node_modules/next
530 silly REMOVE node_modules/is-arrayish
531 silly CHANGE node_modules/detect-libc
532 silly REMOVE node_modules/color
533 silly REMOVE node_modules/color-string
534 silly REMOVE node_modules/busboy
535 verbose cwd /Users/mohammad/Projects/alfaruq.islamic.school
536 verbose os Darwin 25.2.0
537 verbose node v22.17.1
538 verbose npm  v10.9.2
539 verbose exit 0
540 info ok
